<?xml version="1.0" encoding="UTF-8"?>
<testsuite xmlns:xsi="http://www.w3.org/2001/XMLSchema-instance" xsi:noNamespaceSchemaLocation="https://maven.apache.org/surefire/maven-surefire-plugin/xsd/surefire-test-report-3.0.xsd" version="3.0" name="runners.TestRunner" time="0.263" tests="12" errors="12" skipped="0" failures="0">
  <properties>
[...]
</properties>
  <testcase name="Verify user can access dashboard after login" classname="OrangeHRM Dashboard Tests" time="0.057">
    <error message="The step &apos;User is logged in to OrangeHRM application&apos; and 1 other step(s) are undefined.&#10;You can implement these steps using the snippet(s) below:&#10;&#10;@Given(&quot;User is logged in to OrangeHRM application&quot;)&#10;public void user_is_logged_in_to_orange_hrm_application() {&#10;    // Write code here that turns the phrase above into concrete actions&#10;    throw new io.cucumber.java.PendingException();&#10;}&#10;@Then(&quot;Dashboard title should be displayed&quot;)&#10;public void dashboard_title_should_be_displayed() {&#10;    // Write code here that turns the phrase above into concrete actions&#10;    throw new io.cucumber.java.PendingException();&#10;}&#10;" type="io.cucumber.junit.UndefinedStepException"><![CDATA[io.cucumber.junit.UndefinedStepException: 
The step 'User is logged in to OrangeHRM application' and 1 other step(s) are undefined.
You can implement these steps using the snippet(s) below:

@Given("User is logged in to OrangeHRM application")
public void user_is_logged_in_to_orange_hrm_application() {
    // Write code here that turns the phrase above into concrete actions
    throw new io.cucumber.java.PendingException();
}
@Then("Dashboard title should be displayed")
public void dashboard_title_should_be_displayed() {
    // Write code here that turns the phrase above into concrete actions
    throw new io.cucumber.java.PendingException();
}

]]></error>
    <system-out><![CDATA[
@smoke @dashboard
Scenario: Verify user can access dashboard after login # file:///G:/New%20folder/Workspace/OrangeHRMS/src/test/resources/features/Dashboard.feature:7
  â–  Given User is logged in to OrangeHRM application
  â†· Then Dashboard title should be displayed
]]></system-out>
  </testcase>
  <testcase name="Verify user can navigate to Admin module" classname="OrangeHRM Dashboard Tests" time="0.003">
    <error message="The step &apos;User is logged in to OrangeHRM application&apos; and 2 other step(s) are undefined.&#10;You can implement these steps using the snippet(s) below:&#10;&#10;@Given(&quot;User is logged in to OrangeHRM application&quot;)&#10;public void user_is_logged_in_to_orange_hrm_application() {&#10;    // Write code here that turns the phrase above into concrete actions&#10;    throw new io.cucumber.java.PendingException();&#10;}&#10;@When(&quot;User navigates to Admin module&quot;)&#10;public void user_navigates_to_admin_module() {&#10;    // Write code here that turns the phrase above into concrete actions&#10;    throw new io.cucumber.java.PendingException();&#10;}&#10;@Then(&quot;User should be on Admin page&quot;)&#10;public void user_should_be_on_admin_page() {&#10;    // Write code here that turns the phrase above into concrete actions&#10;    throw new io.cucumber.java.PendingException();&#10;}&#10;" type="io.cucumber.junit.UndefinedStepException"><![CDATA[io.cucumber.junit.UndefinedStepException: 
The step 'User is logged in to OrangeHRM application' and 2 other step(s) are undefined.
You can implement these steps using the snippet(s) below:

@Given("User is logged in to OrangeHRM application")
public void user_is_logged_in_to_orange_hrm_application() {
    // Write code here that turns the phrase above into concrete actions
    throw new io.cucumber.java.PendingException();
}
@When("User navigates to Admin module")
public void user_navigates_to_admin_module() {
    // Write code here that turns the phrase above into concrete actions
    throw new io.cucumber.java.PendingException();
}
@Then("User should be on Admin page")
public void user_should_be_on_admin_page() {
    // Write code here that turns the phrase above into concrete actions
    throw new io.cucumber.java.PendingException();
}

]]></error>
    <system-out><![CDATA[
@regression @dashboard @navigation
Scenario: Verify user can navigate to Admin module   # file:///G:/New%20folder/Workspace/OrangeHRMS/src/test/resources/features/Dashboard.feature:12
  â–  Given User is logged in to OrangeHRM application
  â†· When User navigates to Admin module
  â†· Then User should be on Admin page
]]></system-out>
  </testcase>
  <testcase name="Verify user can navigate to PIM module" classname="OrangeHRM Dashboard Tests" time="0.004">
    <error message="The step &apos;User is logged in to OrangeHRM application&apos; and 2 other step(s) are undefined.&#10;You can implement these steps using the snippet(s) below:&#10;&#10;@Given(&quot;User is logged in to OrangeHRM application&quot;)&#10;public void user_is_logged_in_to_orange_hrm_application() {&#10;    // Write code here that turns the phrase above into concrete actions&#10;    throw new io.cucumber.java.PendingException();&#10;}&#10;@When(&quot;User navigates to PIM module&quot;)&#10;public void user_navigates_to_pim_module() {&#10;    // Write code here that turns the phrase above into concrete actions&#10;    throw new io.cucumber.java.PendingException();&#10;}&#10;@Then(&quot;User should be on PIM page&quot;)&#10;public void user_should_be_on_pim_page() {&#10;    // Write code here that turns the phrase above into concrete actions&#10;    throw new io.cucumber.java.PendingException();&#10;}&#10;" type="io.cucumber.junit.UndefinedStepException"><![CDATA[io.cucumber.junit.UndefinedStepException: 
The step 'User is logged in to OrangeHRM application' and 2 other step(s) are undefined.
You can implement these steps using the snippet(s) below:

@Given("User is logged in to OrangeHRM application")
public void user_is_logged_in_to_orange_hrm_application() {
    // Write code here that turns the phrase above into concrete actions
    throw new io.cucumber.java.PendingException();
}
@When("User navigates to PIM module")
public void user_navigates_to_pim_module() {
    // Write code here that turns the phrase above into concrete actions
    throw new io.cucumber.java.PendingException();
}
@Then("User should be on PIM page")
public void user_should_be_on_pim_page() {
    // Write code here that turns the phrase above into concrete actions
    throw new io.cucumber.java.PendingException();
}

]]></error>
    <system-out><![CDATA[
@regression @dashboard @navigation
Scenario: Verify user can navigate to PIM module     # file:///G:/New%20folder/Workspace/OrangeHRMS/src/test/resources/features/Dashboard.feature:18
  â–  Given User is logged in to OrangeHRM application
  â†· When User navigates to PIM module
  â†· Then User should be on PIM page
]]></system-out>
  </testcase>
  <testcase name="Verify user can navigate to Leave module" classname="OrangeHRM Dashboard Tests" time="0.01">
    <error message="The step &apos;User is logged in to OrangeHRM application&apos; and 2 other step(s) are undefined.&#10;You can implement these steps using the snippet(s) below:&#10;&#10;@Given(&quot;User is logged in to OrangeHRM application&quot;)&#10;public void user_is_logged_in_to_orange_hrm_application() {&#10;    // Write code here that turns the phrase above into concrete actions&#10;    throw new io.cucumber.java.PendingException();&#10;}&#10;@When(&quot;User navigates to Leave module&quot;)&#10;public void user_navigates_to_leave_module() {&#10;    // Write code here that turns the phrase above into concrete actions&#10;    throw new io.cucumber.java.PendingException();&#10;}&#10;@Then(&quot;User should be on Leave page&quot;)&#10;public void user_should_be_on_leave_page() {&#10;    // Write code here that turns the phrase above into concrete actions&#10;    throw new io.cucumber.java.PendingException();&#10;}&#10;" type="io.cucumber.junit.UndefinedStepException"><![CDATA[io.cucumber.junit.UndefinedStepException: 
The step 'User is logged in to OrangeHRM application' and 2 other step(s) are undefined.
You can implement these steps using the snippet(s) below:

@Given("User is logged in to OrangeHRM application")
public void user_is_logged_in_to_orange_hrm_application() {
    // Write code here that turns the phrase above into concrete actions
    throw new io.cucumber.java.PendingException();
}
@When("User navigates to Leave module")
public void user_navigates_to_leave_module() {
    // Write code here that turns the phrase above into concrete actions
    throw new io.cucumber.java.PendingException();
}
@Then("User should be on Leave page")
public void user_should_be_on_leave_page() {
    // Write code here that turns the phrase above into concrete actions
    throw new io.cucumber.java.PendingException();
}

]]></error>
    <system-out><![CDATA[
@regression @dashboard @navigation
Scenario: Verify user can navigate to Leave module   # file:///G:/New%20folder/Workspace/OrangeHRMS/src/test/resources/features/Dashboard.feature:24
  â–  Given User is logged in to OrangeHRM application
  â†· When User navigates to Leave module
  â†· Then User should be on Leave page
]]></system-out>
  </testcase>
  <testcase name="Verify user can navigate to My Info module" classname="OrangeHRM Dashboard Tests" time="0.005">
    <error message="The step &apos;User is logged in to OrangeHRM application&apos; and 2 other step(s) are undefined.&#10;You can implement these steps using the snippet(s) below:&#10;&#10;@Given(&quot;User is logged in to OrangeHRM application&quot;)&#10;public void user_is_logged_in_to_orange_hrm_application() {&#10;    // Write code here that turns the phrase above into concrete actions&#10;    throw new io.cucumber.java.PendingException();&#10;}&#10;@When(&quot;User navigates to My Info module&quot;)&#10;public void user_navigates_to_my_info_module() {&#10;    // Write code here that turns the phrase above into concrete actions&#10;    throw new io.cucumber.java.PendingException();&#10;}&#10;@Then(&quot;User should be on My Info page&quot;)&#10;public void user_should_be_on_my_info_page() {&#10;    // Write code here that turns the phrase above into concrete actions&#10;    throw new io.cucumber.java.PendingException();&#10;}&#10;" type="io.cucumber.junit.UndefinedStepException"><![CDATA[io.cucumber.junit.UndefinedStepException: 
The step 'User is logged in to OrangeHRM application' and 2 other step(s) are undefined.
You can implement these steps using the snippet(s) below:

@Given("User is logged in to OrangeHRM application")
public void user_is_logged_in_to_orange_hrm_application() {
    // Write code here that turns the phrase above into concrete actions
    throw new io.cucumber.java.PendingException();
}
@When("User navigates to My Info module")
public void user_navigates_to_my_info_module() {
    // Write code here that turns the phrase above into concrete actions
    throw new io.cucumber.java.PendingException();
}
@Then("User should be on My Info page")
public void user_should_be_on_my_info_page() {
    // Write code here that turns the phrase above into concrete actions
    throw new io.cucumber.java.PendingException();
}

]]></error>
    <system-out><![CDATA[
@regression @dashboard @navigation
Scenario: Verify user can navigate to My Info module # file:///G:/New%20folder/Workspace/OrangeHRMS/src/test/resources/features/Dashboard.feature:30
  â–  Given User is logged in to OrangeHRM application
  â†· When User navigates to My Info module
  â†· Then User should be on My Info page
]]></system-out>
  </testcase>
  <testcase name="Verify user can logout from the application" classname="OrangeHRM Dashboard Tests" time="0.005">
    <error message="The step &apos;User is logged in to OrangeHRM application&apos; and 2 other step(s) are undefined.&#10;You can implement these steps using the snippet(s) below:&#10;&#10;@Given(&quot;User is logged in to OrangeHRM application&quot;)&#10;public void user_is_logged_in_to_orange_hrm_application() {&#10;    // Write code here that turns the phrase above into concrete actions&#10;    throw new io.cucumber.java.PendingException();&#10;}&#10;@When(&quot;User clicks on user dropdown and logout&quot;)&#10;public void user_clicks_on_user_dropdown_and_logout() {&#10;    // Write code here that turns the phrase above into concrete actions&#10;    throw new io.cucumber.java.PendingException();&#10;}&#10;@Then(&quot;User should be logged out and redirected to login page&quot;)&#10;public void user_should_be_logged_out_and_redirected_to_login_page() {&#10;    // Write code here that turns the phrase above into concrete actions&#10;    throw new io.cucumber.java.PendingException();&#10;}&#10;" type="io.cucumber.junit.UndefinedStepException"><![CDATA[io.cucumber.junit.UndefinedStepException: 
The step 'User is logged in to OrangeHRM application' and 2 other step(s) are undefined.
You can implement these steps using the snippet(s) below:

@Given("User is logged in to OrangeHRM application")
public void user_is_logged_in_to_orange_hrm_application() {
    // Write code here that turns the phrase above into concrete actions
    throw new io.cucumber.java.PendingException();
}
@When("User clicks on user dropdown and logout")
public void user_clicks_on_user_dropdown_and_logout() {
    // Write code here that turns the phrase above into concrete actions
    throw new io.cucumber.java.PendingException();
}
@Then("User should be logged out and redirected to login page")
public void user_should_be_logged_out_and_redirected_to_login_page() {
    // Write code here that turns the phrase above into concrete actions
    throw new io.cucumber.java.PendingException();
}

]]></error>
    <system-out><![CDATA[
@smoke @logout
Scenario: Verify user can logout from the application           # file:///G:/New%20folder/Workspace/OrangeHRMS/src/test/resources/features/Dashboard.feature:36
  â–  Given User is logged in to OrangeHRM application
  â†· When User clicks on user dropdown and logout
  â†· Then User should be logged out and redirected to login page
]]></system-out>
  </testcase>
  <testcase name="Verify user can login with valid credentials" classname="OrangeHRM Login Tests" time="0.01">
    <error message="The step &apos;User is on the OrangeHRM login page&apos; and 4 other step(s) are undefined.&#10;You can implement these steps using the snippet(s) below:&#10;&#10;@Given(&quot;User is on the OrangeHRM login page&quot;)&#10;public void user_is_on_the_orange_hrm_login_page() {&#10;    // Write code here that turns the phrase above into concrete actions&#10;    throw new io.cucumber.java.PendingException();&#10;}&#10;@When(&quot;User enters valid username {string} and password {string}&quot;)&#10;public void user_enters_valid_username_and_password(String string, String string2) {&#10;    // Write code here that turns the phrase above into concrete actions&#10;    throw new io.cucumber.java.PendingException();&#10;}&#10;@When(&quot;User clicks the login button&quot;)&#10;public void user_clicks_the_login_button() {&#10;    // Write code here that turns the phrase above into concrete actions&#10;    throw new io.cucumber.java.PendingException();&#10;}&#10;@Then(&quot;User should be redirected to the dashboard&quot;)&#10;public void user_should_be_redirected_to_the_dashboard() {&#10;    // Write code here that turns the phrase above into concrete actions&#10;    throw new io.cucumber.java.PendingException();&#10;}&#10;@Then(&quot;Dashboard title should be displayed&quot;)&#10;public void dashboard_title_should_be_displayed() {&#10;    // Write code here that turns the phrase above into concrete actions&#10;    throw new io.cucumber.java.PendingException();&#10;}&#10;" type="io.cucumber.junit.UndefinedStepException"><![CDATA[io.cucumber.junit.UndefinedStepException: 
The step 'User is on the OrangeHRM login page' and 4 other step(s) are undefined.
You can implement these steps using the snippet(s) below:

@Given("User is on the OrangeHRM login page")
public void user_is_on_the_orange_hrm_login_page() {
    // Write code here that turns the phrase above into concrete actions
    throw new io.cucumber.java.PendingException();
}
@When("User enters valid username {string} and password {string}")
public void user_enters_valid_username_and_password(String string, String string2) {
    // Write code here that turns the phrase above into concrete actions
    throw new io.cucumber.java.PendingException();
}
@When("User clicks the login button")
public void user_clicks_the_login_button() {
    // Write code here that turns the phrase above into concrete actions
    throw new io.cucumber.java.PendingException();
}
@Then("User should be redirected to the dashboard")
public void user_should_be_redirected_to_the_dashboard() {
    // Write code here that turns the phrase above into concrete actions
    throw new io.cucumber.java.PendingException();
}
@Then("Dashboard title should be displayed")
public void dashboard_title_should_be_displayed() {
    // Write code here that turns the phrase above into concrete actions
    throw new io.cucumber.java.PendingException();
}

]]></error>
    <system-out><![CDATA[
@smoke @login_positive
Scenario: Verify user can login with valid credentials              # file:///G:/New%20folder/Workspace/OrangeHRMS/src/test/resources/features/login.feature:10
  â–  Given User is on the OrangeHRM login page
  â†· When User enters valid username "Admin" and password "admin123"
  â†· And User clicks the login button
  â†· Then User should be redirected to the dashboard
  â†· And Dashboard title should be displayed
]]></system-out>
  </testcase>
  <testcase name="Verify user can login with different valid credentials" classname="OrangeHRM Login Tests" time="0.006">
    <error message="The step &apos;User is on the OrangeHRM login page&apos; and 3 other step(s) are undefined.&#10;You can implement these steps using the snippet(s) below:&#10;&#10;@Given(&quot;User is on the OrangeHRM login page&quot;)&#10;public void user_is_on_the_orange_hrm_login_page() {&#10;    // Write code here that turns the phrase above into concrete actions&#10;    throw new io.cucumber.java.PendingException();&#10;}&#10;@When(&quot;User enters valid username {string} and password {string}&quot;)&#10;public void user_enters_valid_username_and_password(String string, String string2) {&#10;    // Write code here that turns the phrase above into concrete actions&#10;    throw new io.cucumber.java.PendingException();&#10;}&#10;@When(&quot;User clicks the login button&quot;)&#10;public void user_clicks_the_login_button() {&#10;    // Write code here that turns the phrase above into concrete actions&#10;    throw new io.cucumber.java.PendingException();&#10;}&#10;@Then(&quot;User should be redirected to the dashboard&quot;)&#10;public void user_should_be_redirected_to_the_dashboard() {&#10;    // Write code here that turns the phrase above into concrete actions&#10;    throw new io.cucumber.java.PendingException();&#10;}&#10;" type="io.cucumber.junit.UndefinedStepException"><![CDATA[io.cucumber.junit.UndefinedStepException: 
The step 'User is on the OrangeHRM login page' and 3 other step(s) are undefined.
You can implement these steps using the snippet(s) below:

@Given("User is on the OrangeHRM login page")
public void user_is_on_the_orange_hrm_login_page() {
    // Write code here that turns the phrase above into concrete actions
    throw new io.cucumber.java.PendingException();
}
@When("User enters valid username {string} and password {string}")
public void user_enters_valid_username_and_password(String string, String string2) {
    // Write code here that turns the phrase above into concrete actions
    throw new io.cucumber.java.PendingException();
}
@When("User clicks the login button")
public void user_clicks_the_login_button() {
    // Write code here that turns the phrase above into concrete actions
    throw new io.cucumber.java.PendingException();
}
@Then("User should be redirected to the dashboard")
public void user_should_be_redirected_to_the_dashboard() {
    // Write code here that turns the phrase above into concrete actions
    throw new io.cucumber.java.PendingException();
}

]]></error>
    <system-out><![CDATA[
@smoke @login_positive
Scenario Outline: Verify user can login with different valid credentials # file:///G:/New%20folder/Workspace/OrangeHRMS/src/test/resources/features/login.feature:24
  â–  Given User is on the OrangeHRM login page
  â†· When User enters valid username "Admin" and password "admin123"
  â†· And User clicks the login button
  â†· Then User should be redirected to the dashboard
]]></system-out>
  </testcase>
  <testcase name="Verify login fails with invalid username" classname="OrangeHRM Login Tests" time="0.009">
    <error message="The step &apos;User is on the OrangeHRM login page&apos; and 4 other step(s) are undefined.&#10;You can implement these steps using the snippet(s) below:&#10;&#10;@Given(&quot;User is on the OrangeHRM login page&quot;)&#10;public void user_is_on_the_orange_hrm_login_page() {&#10;    // Write code here that turns the phrase above into concrete actions&#10;    throw new io.cucumber.java.PendingException();&#10;}&#10;@When(&quot;User enters invalid username {string} and password {string}&quot;)&#10;public void user_enters_invalid_username_and_password(String string, String string2) {&#10;    // Write code here that turns the phrase above into concrete actions&#10;    throw new io.cucumber.java.PendingException();&#10;}&#10;@When(&quot;User clicks the login button&quot;)&#10;public void user_clicks_the_login_button() {&#10;    // Write code here that turns the phrase above into concrete actions&#10;    throw new io.cucumber.java.PendingException();&#10;}&#10;@Then(&quot;An error message should be displayed&quot;)&#10;public void an_error_message_should_be_displayed() {&#10;    // Write code here that turns the phrase above into concrete actions&#10;    throw new io.cucumber.java.PendingException();&#10;}&#10;@Then(&quot;User should remain on the login page&quot;)&#10;public void user_should_remain_on_the_login_page() {&#10;    // Write code here that turns the phrase above into concrete actions&#10;    throw new io.cucumber.java.PendingException();&#10;}&#10;" type="io.cucumber.junit.UndefinedStepException"><![CDATA[io.cucumber.junit.UndefinedStepException: 
The step 'User is on the OrangeHRM login page' and 4 other step(s) are undefined.
You can implement these steps using the snippet(s) below:

@Given("User is on the OrangeHRM login page")
public void user_is_on_the_orange_hrm_login_page() {
    // Write code here that turns the phrase above into concrete actions
    throw new io.cucumber.java.PendingException();
}
@When("User enters invalid username {string} and password {string}")
public void user_enters_invalid_username_and_password(String string, String string2) {
    // Write code here that turns the phrase above into concrete actions
    throw new io.cucumber.java.PendingException();
}
@When("User clicks the login button")
public void user_clicks_the_login_button() {
    // Write code here that turns the phrase above into concrete actions
    throw new io.cucumber.java.PendingException();
}
@Then("An error message should be displayed")
public void an_error_message_should_be_displayed() {
    // Write code here that turns the phrase above into concrete actions
    throw new io.cucumber.java.PendingException();
}
@Then("User should remain on the login page")
public void user_should_remain_on_the_login_page() {
    // Write code here that turns the phrase above into concrete actions
    throw new io.cucumber.java.PendingException();
}

]]></error>
    <system-out><![CDATA[
@regression @login_negative
Scenario: Verify login fails with invalid username                          # file:///G:/New%20folder/Workspace/OrangeHRMS/src/test/resources/features/login.feature:27
  â–  Given User is on the OrangeHRM login page
  â†· When User enters invalid username "InvalidUser" and password "admin123"
  â†· And User clicks the login button
  â†· Then An error message should be displayed
  â†· And User should remain on the login page
]]></system-out>
  </testcase>
  <testcase name="Verify login fails with invalid password" classname="OrangeHRM Login Tests" time="0.006">
    <error message="The step &apos;User is on the OrangeHRM login page&apos; and 4 other step(s) are undefined.&#10;You can implement these steps using the snippet(s) below:&#10;&#10;@Given(&quot;User is on the OrangeHRM login page&quot;)&#10;public void user_is_on_the_orange_hrm_login_page() {&#10;    // Write code here that turns the phrase above into concrete actions&#10;    throw new io.cucumber.java.PendingException();&#10;}&#10;@When(&quot;User enters valid username {string} and password {string}&quot;)&#10;public void user_enters_valid_username_and_password(String string, String string2) {&#10;    // Write code here that turns the phrase above into concrete actions&#10;    throw new io.cucumber.java.PendingException();&#10;}&#10;@When(&quot;User clicks the login button&quot;)&#10;public void user_clicks_the_login_button() {&#10;    // Write code here that turns the phrase above into concrete actions&#10;    throw new io.cucumber.java.PendingException();&#10;}&#10;@Then(&quot;An error message should be displayed&quot;)&#10;public void an_error_message_should_be_displayed() {&#10;    // Write code here that turns the phrase above into concrete actions&#10;    throw new io.cucumber.java.PendingException();&#10;}&#10;@Then(&quot;User should remain on the login page&quot;)&#10;public void user_should_remain_on_the_login_page() {&#10;    // Write code here that turns the phrase above into concrete actions&#10;    throw new io.cucumber.java.PendingException();&#10;}&#10;" type="io.cucumber.junit.UndefinedStepException"><![CDATA[io.cucumber.junit.UndefinedStepException: 
The step 'User is on the OrangeHRM login page' and 4 other step(s) are undefined.
You can implement these steps using the snippet(s) below:

@Given("User is on the OrangeHRM login page")
public void user_is_on_the_orange_hrm_login_page() {
    // Write code here that turns the phrase above into concrete actions
    throw new io.cucumber.java.PendingException();
}
@When("User enters valid username {string} and password {string}")
public void user_enters_valid_username_and_password(String string, String string2) {
    // Write code here that turns the phrase above into concrete actions
    throw new io.cucumber.java.PendingException();
}
@When("User clicks the login button")
public void user_clicks_the_login_button() {
    // Write code here that turns the phrase above into concrete actions
    throw new io.cucumber.java.PendingException();
}
@Then("An error message should be displayed")
public void an_error_message_should_be_displayed() {
    // Write code here that turns the phrase above into concrete actions
    throw new io.cucumber.java.PendingException();
}
@Then("User should remain on the login page")
public void user_should_remain_on_the_login_page() {
    // Write code here that turns the phrase above into concrete actions
    throw new io.cucumber.java.PendingException();
}

]]></error>
    <system-out><![CDATA[
@regression @login_negative
Scenario: Verify login fails with invalid password                         # file:///G:/New%20folder/Workspace/OrangeHRMS/src/test/resources/features/login.feature:34
  â–  Given User is on the OrangeHRM login page
  â†· When User enters valid username "Admin" and password "InvalidPassword"
  â†· And User clicks the login button
  â†· Then An error message should be displayed
  â†· And User should remain on the login page
]]></system-out>
  </testcase>
  <testcase name="Verify login fails with invalid credentials" classname="OrangeHRM Login Tests" time="0.011">
    <error message="The step &apos;User is on the OrangeHRM login page&apos; and 4 other step(s) are undefined.&#10;You can implement these steps using the snippet(s) below:&#10;&#10;@Given(&quot;User is on the OrangeHRM login page&quot;)&#10;public void user_is_on_the_orange_hrm_login_page() {&#10;    // Write code here that turns the phrase above into concrete actions&#10;    throw new io.cucumber.java.PendingException();&#10;}&#10;@When(&quot;User enters invalid username {string} and password {string}&quot;)&#10;public void user_enters_invalid_username_and_password(String string, String string2) {&#10;    // Write code here that turns the phrase above into concrete actions&#10;    throw new io.cucumber.java.PendingException();&#10;}&#10;@When(&quot;User clicks the login button&quot;)&#10;public void user_clicks_the_login_button() {&#10;    // Write code here that turns the phrase above into concrete actions&#10;    throw new io.cucumber.java.PendingException();&#10;}&#10;@Then(&quot;An error message should be displayed&quot;)&#10;public void an_error_message_should_be_displayed() {&#10;    // Write code here that turns the phrase above into concrete actions&#10;    throw new io.cucumber.java.PendingException();&#10;}&#10;@Then(&quot;User should remain on the login page&quot;)&#10;public void user_should_remain_on_the_login_page() {&#10;    // Write code here that turns the phrase above into concrete actions&#10;    throw new io.cucumber.java.PendingException();&#10;}&#10;" type="io.cucumber.junit.UndefinedStepException"><![CDATA[io.cucumber.junit.UndefinedStepException: 
The step 'User is on the OrangeHRM login page' and 4 other step(s) are undefined.
You can implement these steps using the snippet(s) below:

@Given("User is on the OrangeHRM login page")
public void user_is_on_the_orange_hrm_login_page() {
    // Write code here that turns the phrase above into concrete actions
    throw new io.cucumber.java.PendingException();
}
@When("User enters invalid username {string} and password {string}")
public void user_enters_invalid_username_and_password(String string, String string2) {
    // Write code here that turns the phrase above into concrete actions
    throw new io.cucumber.java.PendingException();
}
@When("User clicks the login button")
public void user_clicks_the_login_button() {
    // Write code here that turns the phrase above into concrete actions
    throw new io.cucumber.java.PendingException();
}
@Then("An error message should be displayed")
public void an_error_message_should_be_displayed() {
    // Write code here that turns the phrase above into concrete actions
    throw new io.cucumber.java.PendingException();
}
@Then("User should remain on the login page")
public void user_should_remain_on_the_login_page() {
    // Write code here that turns the phrase above into concrete actions
    throw new io.cucumber.java.PendingException();
}

]]></error>
    <system-out><![CDATA[
@regression @login_negative
Scenario: Verify login fails with invalid credentials                              # file:///G:/New%20folder/Workspace/OrangeHRMS/src/test/resources/features/login.feature:41
  â–  Given User is on the OrangeHRM login page
  â†· When User enters invalid username "InvalidUser" and password "InvalidPassword"
  â†· And User clicks the login button
  â†· Then An error message should be displayed
  â†· And User should remain on the login page
]]></system-out>
  </testcase>
  <testcase name="Verify login page elements are displayed" classname="OrangeHRM Login Tests" time="0.005">
    <error message="The step &apos;User is on the OrangeHRM login page&apos; and 1 other step(s) are undefined.&#10;You can implement these steps using the snippet(s) below:&#10;&#10;@Given(&quot;User is on the OrangeHRM login page&quot;)&#10;public void user_is_on_the_orange_hrm_login_page() {&#10;    // Write code here that turns the phrase above into concrete actions&#10;    throw new io.cucumber.java.PendingException();&#10;}&#10;@Then(&quot;Login page should display username and password fields&quot;)&#10;public void login_page_should_display_username_and_password_fields() {&#10;    // Write code here that turns the phrase above into concrete actions&#10;    throw new io.cucumber.java.PendingException();&#10;}&#10;" type="io.cucumber.junit.UndefinedStepException"><![CDATA[io.cucumber.junit.UndefinedStepException: 
The step 'User is on the OrangeHRM login page' and 1 other step(s) are undefined.
You can implement these steps using the snippet(s) below:

@Given("User is on the OrangeHRM login page")
public void user_is_on_the_orange_hrm_login_page() {
    // Write code here that turns the phrase above into concrete actions
    throw new io.cucumber.java.PendingException();
}
@Then("Login page should display username and password fields")
public void login_page_should_display_username_and_password_fields() {
    // Write code here that turns the phrase above into concrete actions
    throw new io.cucumber.java.PendingException();
}

]]></error>
    <system-out><![CDATA[
@regression @login_validation
Scenario: Verify login page elements are displayed              # file:///G:/New%20folder/Workspace/OrangeHRMS/src/test/resources/features/login.feature:48
  â–  Given User is on the OrangeHRM login page
  â†· Then Login page should display username and password fields
]]></system-out>
  </testcase>
</testsuite>