<?xml version="1.0" encoding="UTF-8"?>
<testsuite xmlns:xsi="http://www.w3.org/2001/XMLSchema-instance" xsi:noNamespaceSchemaLocation="https://maven.apache.org/surefire/maven-surefire-plugin/xsd/surefire-test-report-3.0.xsd" version="3.0" name="com.orangehrm.runners.TestRunner" time="150.916" tests="51" errors="8" skipped="7" failures="8">
  <properties>
[...]
</properties>
  <testcase name="User is logged in to OrangeHRM application" classname="Verify user can access dashboard after login" time="6.281">
    <system-out><![CDATA[
@smoke @dashboard
Scenario: Verify user can access dashboard after login # file:///G:/New%20folder/Workspace/OrangeHRMS/src/test/resources/features/Dashboard.feature:7
======== Starting Test Scenario ========
Browser initialized successfully
]]></system-out>
    <system-err><![CDATA[SLF4J(W): No SLF4J providers were found.
SLF4J(W): Defaulting to no-operation (NOP) logger implementation
SLF4J(W): See https://www.slf4j.org/codes.html#noProviders for further details.
Apr 04, 2026 10:19:22 PM org.openqa.selenium.devtools.CdpVersionFinder findNearestMatch
WARNING: Unable to find an exact match for CDP version 146, returning the closest version; found: 145; Please update to a Selenium version that supports CDP version 146
]]></system-err>
  </testcase>
  <testcase name="Dashboard title should be displayed" classname="Verify user can access dashboard after login" time="0.102">
    <system-out><![CDATA[  âœ” Given User is logged in to OrangeHRM application   # com.orangehrm.stepdefinitions.DashboardSteps.userIsLoggedIn()
]]></system-out>
  </testcase>
  <testcase name="User is logged in to OrangeHRM application" classname="Verify user can navigate to Admin module" time="5.553">
    <system-out><![CDATA[  âœ” Then Dashboard title should be displayed           # com.orangehrm.stepdefinitions.DashboardSteps.verifyDashboardTitle()
======== Ending Test Scenario ========
Browser closed successfully

@regression @dashboard @navigation
Scenario: Verify user can navigate to Admin module   # file:///G:/New%20folder/Workspace/OrangeHRMS/src/test/resources/features/Dashboard.feature:12
======== Starting Test Scenario ========
Browser initialized successfully
]]></system-out>
    <system-err><![CDATA[Apr 04, 2026 10:19:31 PM org.openqa.selenium.devtools.CdpVersionFinder findNearestMatch
WARNING: Unable to find an exact match for CDP version 146, returning the closest version; found: 145; Please update to a Selenium version that supports CDP version 146
]]></system-err>
  </testcase>
  <testcase name="User navigates to Admin module" classname="Verify user can navigate to Admin module" time="15.252">
    <error message="Expected condition failed: waiting for element to be clickable, but the element was not found: org.openqa.selenium.NoSuchElementException: no such element: Unable to locate element: {&quot;method&quot;:&quot;xpath&quot;,&quot;selector&quot;:&quot;//a[contains(text(), &apos;Admin&apos;)]&quot;}.&#10;(tried for 15 seconds with 500 milliseconds interval)&#10;Build info: version: &apos;4.41.0&apos;, revision: &apos;9fc754f&apos;&#10;System info: os.name: &apos;Windows 11&apos;, os.arch: &apos;amd64&apos;, os.version: &apos;10.0&apos;, java.version: &apos;17.0.12&apos;&#10;Driver info: org.openqa.selenium.chrome.ChromeDriver&#10;Capabilities {acceptInsecureCerts: false, browserName: chrome, browserVersion: 146.0.7680.178, chrome: {chromedriverVersion: 146.0.7680.165 (4b989da09e1..., userDataDir: C:\Users\parsh\AppData\Loca...}, fedcm:accounts: true, goog:chromeOptions: {debuggerAddress: localhost:58800}, goog:processID: 77596, networkConnectionEnabled: false, pageLoadStrategy: normal, platformName: windows, proxy: Proxy(), se:cdp: ws://localhost:58800/devtoo..., se:cdpVersion: 146.0.7680.178, setWindowRect: true, strictFileInteractability: false, timeouts: {implicit: 0, pageLoad: 300000, script: 30000}, unhandledPromptBehavior: dismiss and notify, webauthn:extension:credBlob: true, webauthn:extension:largeBlob: true, webauthn:extension:minPinLength: true, webauthn:extension:prf: true, webauthn:virtualAuthenticators: true}&#10;Session ID: a6d0faa540d35407b49bf6031b019c9f" type="org.openqa.selenium.TimeoutException"><![CDATA[org.openqa.selenium.TimeoutException: 
Expected condition failed: waiting for element to be clickable, but the element was not found: org.openqa.selenium.NoSuchElementException: no such element: Unable to locate element: {"method":"xpath","selector":"//a[contains(text(), 'Admin')]"}.
(tried for 15 seconds with 500 milliseconds interval)
Build info: version: '4.41.0', revision: '9fc754f'
System info: os.name: 'Windows 11', os.arch: 'amd64', os.version: '10.0', java.version: '17.0.12'
Driver info: org.openqa.selenium.chrome.ChromeDriver
Capabilities {acceptInsecureCerts: false, browserName: chrome, browserVersion: 146.0.7680.178, chrome: {chromedriverVersion: 146.0.7680.165 (4b989da09e1..., userDataDir: C:\Users\parsh\AppData\Loca...}, fedcm:accounts: true, goog:chromeOptions: {debuggerAddress: localhost:58800}, goog:processID: 77596, networkConnectionEnabled: false, pageLoadStrategy: normal, platformName: windows, proxy: Proxy(), se:cdp: ws://localhost:58800/devtoo..., se:cdpVersion: 146.0.7680.178, setWindowRect: true, strictFileInteractability: false, timeouts: {implicit: 0, pageLoad: 300000, script: 30000}, unhandledPromptBehavior: dismiss and notify, webauthn:extension:credBlob: true, webauthn:extension:largeBlob: true, webauthn:extension:minPinLength: true, webauthn:extension:prf: true, webauthn:virtualAuthenticators: true}
Session ID: a6d0faa540d35407b49bf6031b019c9f
	at org.openqa.selenium.support.ui.WebDriverWait.timeoutException(WebDriverWait.java:85)
	at org.openqa.selenium.support.ui.FluentWait.until(FluentWait.java:233)
	at com.orangehrm.pages.BasePage.waitForElementToBeClickable(BasePage.java:39)
	at com.orangehrm.pages.BasePage.clickElement(BasePage.java:46)
	at com.orangehrm.pages.DashboardPage.navigateToAdmin(DashboardPage.java:91)
	at com.orangehrm.stepdefinitions.DashboardSteps.userNavigatesToAdminModule(DashboardSteps.java:56)
	at ✽.User navigates to Admin module(file:///G:/New%20folder/Workspace/OrangeHRMS/src/test/resources/features/Dashboard.feature:14)
]]></error>
    <system-out><![CDATA[  âœ” Given User is logged in to OrangeHRM application # com.orangehrm.stepdefinitions.DashboardSteps.userIsLoggedIn()
]]></system-out>
  </testcase>
  <testcase name="User should be on Admin page" classname="Verify user can navigate to Admin module" time="0">
    <skipped type="io.cucumber.junit.SkippedThrowable"><![CDATA[io.cucumber.junit.SkippedThrowable: This step is skipped
]]></skipped>
    <system-out><![CDATA[  âœ˜ When User navigates to Admin module              # com.orangehrm.stepdefinitions.DashboardSteps.userNavigatesToAdminModule()
        org.openqa.selenium.TimeoutException: Expected condition failed: waiting for element to be clickable, but the element was not found: org.openqa.selenium.NoSuchElementException: no such element: Unable to locate element: {"method":"xpath","selector":"//a[contains(text(), 'Admin')]"}.
        (tried for 15 seconds with 500 milliseconds interval)
        Build info: version: '4.41.0', revision: '9fc754f'
        System info: os.name: 'Windows 11', os.arch: 'amd64', os.version: '10.0', java.version: '17.0.12'
        Driver info: org.openqa.selenium.chrome.ChromeDriver
        Capabilities {acceptInsecureCerts: false, browserName: chrome, browserVersion: 146.0.7680.178, chrome: {chromedriverVersion: 146.0.7680.165 (4b989da09e1..., userDataDir: C:\Users\parsh\AppData\Loca...}, fedcm:accounts: true, goog:chromeOptions: {debuggerAddress: localhost:58800}, goog:processID: 77596, networkConnectionEnabled: false, pageLoadStrategy: normal, platformName: windows, proxy: Proxy(), se:cdp: ws://localhost:58800/devtoo..., se:cdpVersion: 146.0.7680.178, setWindowRect: true, strictFileInteractability: false, timeouts: {implicit: 0, pageLoad: 300000, script: 30000}, unhandledPromptBehavior: dismiss and notify, webauthn:extension:credBlob: true, webauthn:extension:largeBlob: true, webauthn:extension:minPinLength: true, webauthn:extension:prf: true, webauthn:virtualAuthenticators: true}
        Session ID: a6d0faa540d35407b49bf6031b019c9f
        	at org.openqa.selenium.support.ui.WebDriverWait.timeoutException(WebDriverWait.java:85)
        	at org.openqa.selenium.support.ui.FluentWait.until(FluentWait.java:233)
        	at com.orangehrm.pages.BasePage.waitForElementToBeClickable(BasePage.java:39)
        	at com.orangehrm.pages.BasePage.clickElement(BasePage.java:46)
        	at com.orangehrm.pages.DashboardPage.navigateToAdmin(DashboardPage.java:91)
        	at com.orangehrm.stepdefinitions.DashboardSteps.userNavigatesToAdminModule(DashboardSteps.java:56)
        	at âœ½.User navigates to Admin module(file:///G:/New%20folder/Workspace/OrangeHRMS/src/test/resources/features/Dashboard.feature:14)
]]></system-out>
  </testcase>
  <testcase name="Verify user can navigate to Admin module" classname="OrangeHRM Dashboard Tests" time="0.446">
    <error message="Expected condition failed: waiting for element to be clickable, but the element was not found: org.openqa.selenium.NoSuchElementException: no such element: Unable to locate element: {&quot;method&quot;:&quot;xpath&quot;,&quot;selector&quot;:&quot;//a[contains(text(), &apos;Admin&apos;)]&quot;}.&#10;(tried for 15 seconds with 500 milliseconds interval)&#10;Build info: version: &apos;4.41.0&apos;, revision: &apos;9fc754f&apos;&#10;System info: os.name: &apos;Windows 11&apos;, os.arch: &apos;amd64&apos;, os.version: &apos;10.0&apos;, java.version: &apos;17.0.12&apos;&#10;Driver info: org.openqa.selenium.chrome.ChromeDriver&#10;Capabilities {acceptInsecureCerts: false, browserName: chrome, browserVersion: 146.0.7680.178, chrome: {chromedriverVersion: 146.0.7680.165 (4b989da09e1..., userDataDir: C:\Users\parsh\AppData\Loca...}, fedcm:accounts: true, goog:chromeOptions: {debuggerAddress: localhost:58800}, goog:processID: 77596, networkConnectionEnabled: false, pageLoadStrategy: normal, platformName: windows, proxy: Proxy(), se:cdp: ws://localhost:58800/devtoo..., se:cdpVersion: 146.0.7680.178, setWindowRect: true, strictFileInteractability: false, timeouts: {implicit: 0, pageLoad: 300000, script: 30000}, unhandledPromptBehavior: dismiss and notify, webauthn:extension:credBlob: true, webauthn:extension:largeBlob: true, webauthn:extension:minPinLength: true, webauthn:extension:prf: true, webauthn:virtualAuthenticators: true}&#10;Session ID: a6d0faa540d35407b49bf6031b019c9f" type="org.openqa.selenium.TimeoutException"><![CDATA[org.openqa.selenium.TimeoutException: 
Expected condition failed: waiting for element to be clickable, but the element was not found: org.openqa.selenium.NoSuchElementException: no such element: Unable to locate element: {"method":"xpath","selector":"//a[contains(text(), 'Admin')]"}.
(tried for 15 seconds with 500 milliseconds interval)
Build info: version: '4.41.0', revision: '9fc754f'
System info: os.name: 'Windows 11', os.arch: 'amd64', os.version: '10.0', java.version: '17.0.12'
Driver info: org.openqa.selenium.chrome.ChromeDriver
Capabilities {acceptInsecureCerts: false, browserName: chrome, browserVersion: 146.0.7680.178, chrome: {chromedriverVersion: 146.0.7680.165 (4b989da09e1..., userDataDir: C:\Users\parsh\AppData\Loca...}, fedcm:accounts: true, goog:chromeOptions: {debuggerAddress: localhost:58800}, goog:processID: 77596, networkConnectionEnabled: false, pageLoadStrategy: normal, platformName: windows, proxy: Proxy(), se:cdp: ws://localhost:58800/devtoo..., se:cdpVersion: 146.0.7680.178, setWindowRect: true, strictFileInteractability: false, timeouts: {implicit: 0, pageLoad: 300000, script: 30000}, unhandledPromptBehavior: dismiss and notify, webauthn:extension:credBlob: true, webauthn:extension:largeBlob: true, webauthn:extension:minPinLength: true, webauthn:extension:prf: true, webauthn:virtualAuthenticators: true}
Session ID: a6d0faa540d35407b49bf6031b019c9f
	at org.openqa.selenium.support.ui.WebDriverWait.timeoutException(WebDriverWait.java:85)
	at org.openqa.selenium.support.ui.FluentWait.until(FluentWait.java:233)
	at com.orangehrm.pages.BasePage.waitForElementToBeClickable(BasePage.java:39)
	at com.orangehrm.pages.BasePage.clickElement(BasePage.java:46)
	at com.orangehrm.pages.DashboardPage.navigateToAdmin(DashboardPage.java:91)
	at com.orangehrm.stepdefinitions.DashboardSteps.userNavigatesToAdminModule(DashboardSteps.java:56)
	at ✽.User navigates to Admin module(file:///G:/New%20folder/Workspace/OrangeHRMS/src/test/resources/features/Dashboard.feature:14)
]]></error>
    <system-out><![CDATA[  â†· Then User should be on Admin page                # com.orangehrm.stepdefinitions.DashboardSteps.verifyUserIsOnAdminPage()
======== Ending Test Scenario ========
Browser closed successfully
]]></system-out>
  </testcase>
  <testcase name="Verify user can navigate to PIM module" classname="OrangeHRM Dashboard Tests" time="0.489">
    <error message="Expected condition failed: waiting for element to be clickable, but the element was not found: org.openqa.selenium.NoSuchElementException: no such element: Unable to locate element: {&quot;method&quot;:&quot;xpath&quot;,&quot;selector&quot;:&quot;//a[contains(text(), &apos;PIM&apos;)]&quot;}.&#10;(tried for 15 seconds with 500 milliseconds interval)&#10;Build info: version: &apos;4.41.0&apos;, revision: &apos;9fc754f&apos;&#10;System info: os.name: &apos;Windows 11&apos;, os.arch: &apos;amd64&apos;, os.version: &apos;10.0&apos;, java.version: &apos;17.0.12&apos;&#10;Driver info: org.openqa.selenium.chrome.ChromeDriver&#10;Capabilities {acceptInsecureCerts: false, browserName: chrome, browserVersion: 146.0.7680.178, chrome: {chromedriverVersion: 146.0.7680.165 (4b989da09e1..., userDataDir: C:\Users\parsh\AppData\Loca...}, fedcm:accounts: true, goog:chromeOptions: {debuggerAddress: localhost:63188}, goog:processID: 75772, networkConnectionEnabled: false, pageLoadStrategy: normal, platformName: windows, proxy: Proxy(), se:cdp: ws://localhost:63188/devtoo..., se:cdpVersion: 146.0.7680.178, setWindowRect: true, strictFileInteractability: false, timeouts: {implicit: 0, pageLoad: 300000, script: 30000}, unhandledPromptBehavior: dismiss and notify, webauthn:extension:credBlob: true, webauthn:extension:largeBlob: true, webauthn:extension:minPinLength: true, webauthn:extension:prf: true, webauthn:virtualAuthenticators: true}&#10;Session ID: 85d46fae80e7d8663a97564fb5d68809" type="org.openqa.selenium.TimeoutException"><![CDATA[org.openqa.selenium.TimeoutException: 
Expected condition failed: waiting for element to be clickable, but the element was not found: org.openqa.selenium.NoSuchElementException: no such element: Unable to locate element: {"method":"xpath","selector":"//a[contains(text(), 'PIM')]"}.
(tried for 15 seconds with 500 milliseconds interval)
Build info: version: '4.41.0', revision: '9fc754f'
System info: os.name: 'Windows 11', os.arch: 'amd64', os.version: '10.0', java.version: '17.0.12'
Driver info: org.openqa.selenium.chrome.ChromeDriver
Capabilities {acceptInsecureCerts: false, browserName: chrome, browserVersion: 146.0.7680.178, chrome: {chromedriverVersion: 146.0.7680.165 (4b989da09e1..., userDataDir: C:\Users\parsh\AppData\Loca...}, fedcm:accounts: true, goog:chromeOptions: {debuggerAddress: localhost:63188}, goog:processID: 75772, networkConnectionEnabled: false, pageLoadStrategy: normal, platformName: windows, proxy: Proxy(), se:cdp: ws://localhost:63188/devtoo..., se:cdpVersion: 146.0.7680.178, setWindowRect: true, strictFileInteractability: false, timeouts: {implicit: 0, pageLoad: 300000, script: 30000}, unhandledPromptBehavior: dismiss and notify, webauthn:extension:credBlob: true, webauthn:extension:largeBlob: true, webauthn:extension:minPinLength: true, webauthn:extension:prf: true, webauthn:virtualAuthenticators: true}
Session ID: 85d46fae80e7d8663a97564fb5d68809
	at org.openqa.selenium.support.ui.WebDriverWait.timeoutException(WebDriverWait.java:85)
	at org.openqa.selenium.support.ui.FluentWait.until(FluentWait.java:233)
	at com.orangehrm.pages.BasePage.waitForElementToBeClickable(BasePage.java:39)
	at com.orangehrm.pages.BasePage.clickElement(BasePage.java:46)
	at com.orangehrm.pages.DashboardPage.navigateToPIM(DashboardPage.java:98)
	at com.orangehrm.stepdefinitions.DashboardSteps.userNavigatesToPIMModule(DashboardSteps.java:66)
	at ✽.User navigates to PIM module(file:///G:/New%20folder/Workspace/OrangeHRMS/src/test/resources/features/Dashboard.feature:20)
]]></error>
    <system-out><![CDATA[  â†· Then User should be on PIM page                  # com.orangehrm.stepdefinitions.DashboardSteps.verifyUserIsOnPIMPage()
======== Ending Test Scenario ========
Browser closed successfully
]]></system-out>
  </testcase>
  <testcase name="Verify user can navigate to Leave module" classname="OrangeHRM Dashboard Tests" time="0.456">
    <error message="Expected condition failed: waiting for element to be clickable, but the element was not found: org.openqa.selenium.NoSuchElementException: no such element: Unable to locate element: {&quot;method&quot;:&quot;xpath&quot;,&quot;selector&quot;:&quot;//a[contains(text(), &apos;Leave&apos;)]&quot;}.&#10;(tried for 15 seconds with 500 milliseconds interval)&#10;Build info: version: &apos;4.41.0&apos;, revision: &apos;9fc754f&apos;&#10;System info: os.name: &apos;Windows 11&apos;, os.arch: &apos;amd64&apos;, os.version: &apos;10.0&apos;, java.version: &apos;17.0.12&apos;&#10;Driver info: org.openqa.selenium.chrome.ChromeDriver&#10;Capabilities {acceptInsecureCerts: false, browserName: chrome, browserVersion: 146.0.7680.178, chrome: {chromedriverVersion: 146.0.7680.165 (4b989da09e1..., userDataDir: C:\Users\parsh\AppData\Loca...}, fedcm:accounts: true, goog:chromeOptions: {debuggerAddress: localhost:60310}, goog:processID: 21664, networkConnectionEnabled: false, pageLoadStrategy: normal, platformName: windows, proxy: Proxy(), se:cdp: ws://localhost:60310/devtoo..., se:cdpVersion: 146.0.7680.178, setWindowRect: true, strictFileInteractability: false, timeouts: {implicit: 0, pageLoad: 300000, script: 30000}, unhandledPromptBehavior: dismiss and notify, webauthn:extension:credBlob: true, webauthn:extension:largeBlob: true, webauthn:extension:minPinLength: true, webauthn:extension:prf: true, webauthn:virtualAuthenticators: true}&#10;Session ID: ef83574e978fabaac6bba04958bcc263" type="org.openqa.selenium.TimeoutException"><![CDATA[org.openqa.selenium.TimeoutException: 
Expected condition failed: waiting for element to be clickable, but the element was not found: org.openqa.selenium.NoSuchElementException: no such element: Unable to locate element: {"method":"xpath","selector":"//a[contains(text(), 'Leave')]"}.
(tried for 15 seconds with 500 milliseconds interval)
Build info: version: '4.41.0', revision: '9fc754f'
System info: os.name: 'Windows 11', os.arch: 'amd64', os.version: '10.0', java.version: '17.0.12'
Driver info: org.openqa.selenium.chrome.ChromeDriver
Capabilities {acceptInsecureCerts: false, browserName: chrome, browserVersion: 146.0.7680.178, chrome: {chromedriverVersion: 146.0.7680.165 (4b989da09e1..., userDataDir: C:\Users\parsh\AppData\Loca...}, fedcm:accounts: true, goog:chromeOptions: {debuggerAddress: localhost:60310}, goog:processID: 21664, networkConnectionEnabled: false, pageLoadStrategy: normal, platformName: windows, proxy: Proxy(), se:cdp: ws://localhost:60310/devtoo..., se:cdpVersion: 146.0.7680.178, setWindowRect: true, strictFileInteractability: false, timeouts: {implicit: 0, pageLoad: 300000, script: 30000}, unhandledPromptBehavior: dismiss and notify, webauthn:extension:credBlob: true, webauthn:extension:largeBlob: true, webauthn:extension:minPinLength: true, webauthn:extension:prf: true, webauthn:virtualAuthenticators: true}
Session ID: ef83574e978fabaac6bba04958bcc263
	at org.openqa.selenium.support.ui.WebDriverWait.timeoutException(WebDriverWait.java:85)
	at org.openqa.selenium.support.ui.FluentWait.until(FluentWait.java:233)
	at com.orangehrm.pages.BasePage.waitForElementToBeClickable(BasePage.java:39)
	at com.orangehrm.pages.BasePage.clickElement(BasePage.java:46)
	at com.orangehrm.pages.DashboardPage.navigateToLeave(DashboardPage.java:105)
	at com.orangehrm.stepdefinitions.DashboardSteps.userNavigatesToLeaveModule(DashboardSteps.java:76)
	at ✽.User navigates to Leave module(file:///G:/New%20folder/Workspace/OrangeHRMS/src/test/resources/features/Dashboard.feature:26)
]]></error>
    <system-out><![CDATA[  â†· Then User should be on Leave page                # com.orangehrm.stepdefinitions.DashboardSteps.verifyUserIsOnLeavePage()
======== Ending Test Scenario ========
Browser closed successfully
]]></system-out>
  </testcase>
  <testcase name="Verify user can navigate to My Info module" classname="OrangeHRM Dashboard Tests" time="0.51">
    <error message="Expected condition failed: waiting for element to be clickable, but the element was not found: org.openqa.selenium.NoSuchElementException: no such element: Unable to locate element: {&quot;method&quot;:&quot;xpath&quot;,&quot;selector&quot;:&quot;//a[contains(text(), &apos;My Info&apos;)]&quot;}.&#10;(tried for 15 seconds with 500 milliseconds interval)&#10;Build info: version: &apos;4.41.0&apos;, revision: &apos;9fc754f&apos;&#10;System info: os.name: &apos;Windows 11&apos;, os.arch: &apos;amd64&apos;, os.version: &apos;10.0&apos;, java.version: &apos;17.0.12&apos;&#10;Driver info: org.openqa.selenium.chrome.ChromeDriver&#10;Capabilities {acceptInsecureCerts: false, browserName: chrome, browserVersion: 146.0.7680.178, chrome: {chromedriverVersion: 146.0.7680.165 (4b989da09e1..., userDataDir: C:\Users\parsh\AppData\Loca...}, fedcm:accounts: true, goog:chromeOptions: {debuggerAddress: localhost:56029}, goog:processID: 80532, networkConnectionEnabled: false, pageLoadStrategy: normal, platformName: windows, proxy: Proxy(), se:cdp: ws://localhost:56029/devtoo..., se:cdpVersion: 146.0.7680.178, setWindowRect: true, strictFileInteractability: false, timeouts: {implicit: 0, pageLoad: 300000, script: 30000}, unhandledPromptBehavior: dismiss and notify, webauthn:extension:credBlob: true, webauthn:extension:largeBlob: true, webauthn:extension:minPinLength: true, webauthn:extension:prf: true, webauthn:virtualAuthenticators: true}&#10;Session ID: a787ccf799a0fef23b3346661a522d6a" type="org.openqa.selenium.TimeoutException"><![CDATA[org.openqa.selenium.TimeoutException: 
Expected condition failed: waiting for element to be clickable, but the element was not found: org.openqa.selenium.NoSuchElementException: no such element: Unable to locate element: {"method":"xpath","selector":"//a[contains(text(), 'My Info')]"}.
(tried for 15 seconds with 500 milliseconds interval)
Build info: version: '4.41.0', revision: '9fc754f'
System info: os.name: 'Windows 11', os.arch: 'amd64', os.version: '10.0', java.version: '17.0.12'
Driver info: org.openqa.selenium.chrome.ChromeDriver
Capabilities {acceptInsecureCerts: false, browserName: chrome, browserVersion: 146.0.7680.178, chrome: {chromedriverVersion: 146.0.7680.165 (4b989da09e1..., userDataDir: C:\Users\parsh\AppData\Loca...}, fedcm:accounts: true, goog:chromeOptions: {debuggerAddress: localhost:56029}, goog:processID: 80532, networkConnectionEnabled: false, pageLoadStrategy: normal, platformName: windows, proxy: Proxy(), se:cdp: ws://localhost:56029/devtoo..., se:cdpVersion: 146.0.7680.178, setWindowRect: true, strictFileInteractability: false, timeouts: {implicit: 0, pageLoad: 300000, script: 30000}, unhandledPromptBehavior: dismiss and notify, webauthn:extension:credBlob: true, webauthn:extension:largeBlob: true, webauthn:extension:minPinLength: true, webauthn:extension:prf: true, webauthn:virtualAuthenticators: true}
Session ID: a787ccf799a0fef23b3346661a522d6a
	at org.openqa.selenium.support.ui.WebDriverWait.timeoutException(WebDriverWait.java:85)
	at org.openqa.selenium.support.ui.FluentWait.until(FluentWait.java:233)
	at com.orangehrm.pages.BasePage.waitForElementToBeClickable(BasePage.java:39)
	at com.orangehrm.pages.BasePage.clickElement(BasePage.java:46)
	at com.orangehrm.pages.DashboardPage.navigateToMyInfo(DashboardPage.java:126)
	at com.orangehrm.stepdefinitions.DashboardSteps.userNavigatesToMyInfoModule(DashboardSteps.java:86)
	at ✽.User navigates to My Info module(file:///G:/New%20folder/Workspace/OrangeHRMS/src/test/resources/features/Dashboard.feature:32)
]]></error>
    <system-out><![CDATA[  â†· Then User should be on My Info page              # com.orangehrm.stepdefinitions.DashboardSteps.verifyUserIsOnMyInfoPage()
======== Ending Test Scenario ========
Browser closed successfully
]]></system-out>
  </testcase>
  <testcase name="User is logged in to OrangeHRM application" classname="Verify user can navigate to PIM module" time="5.523">
    <system-out><![CDATA[
@regression @dashboard @navigation
Scenario: Verify user can navigate to PIM module     # file:///G:/New%20folder/Workspace/OrangeHRMS/src/test/resources/features/Dashboard.feature:18
======== Starting Test Scenario ========
Browser initialized successfully
]]></system-out>
    <system-err><![CDATA[Apr 04, 2026 10:19:53 PM org.openqa.selenium.devtools.CdpVersionFinder findNearestMatch
WARNING: Unable to find an exact match for CDP version 146, returning the closest version; found: 145; Please update to a Selenium version that supports CDP version 146
]]></system-err>
  </testcase>
  <testcase name="User navigates to PIM module" classname="Verify user can navigate to PIM module" time="15.161">
    <error message="Expected condition failed: waiting for element to be clickable, but the element was not found: org.openqa.selenium.NoSuchElementException: no such element: Unable to locate element: {&quot;method&quot;:&quot;xpath&quot;,&quot;selector&quot;:&quot;//a[contains(text(), &apos;PIM&apos;)]&quot;}.&#10;(tried for 15 seconds with 500 milliseconds interval)&#10;Build info: version: &apos;4.41.0&apos;, revision: &apos;9fc754f&apos;&#10;System info: os.name: &apos;Windows 11&apos;, os.arch: &apos;amd64&apos;, os.version: &apos;10.0&apos;, java.version: &apos;17.0.12&apos;&#10;Driver info: org.openqa.selenium.chrome.ChromeDriver&#10;Capabilities {acceptInsecureCerts: false, browserName: chrome, browserVersion: 146.0.7680.178, chrome: {chromedriverVersion: 146.0.7680.165 (4b989da09e1..., userDataDir: C:\Users\parsh\AppData\Loca...}, fedcm:accounts: true, goog:chromeOptions: {debuggerAddress: localhost:63188}, goog:processID: 75772, networkConnectionEnabled: false, pageLoadStrategy: normal, platformName: windows, proxy: Proxy(), se:cdp: ws://localhost:63188/devtoo..., se:cdpVersion: 146.0.7680.178, setWindowRect: true, strictFileInteractability: false, timeouts: {implicit: 0, pageLoad: 300000, script: 30000}, unhandledPromptBehavior: dismiss and notify, webauthn:extension:credBlob: true, webauthn:extension:largeBlob: true, webauthn:extension:minPinLength: true, webauthn:extension:prf: true, webauthn:virtualAuthenticators: true}&#10;Session ID: 85d46fae80e7d8663a97564fb5d68809" type="org.openqa.selenium.TimeoutException"><![CDATA[org.openqa.selenium.TimeoutException: 
Expected condition failed: waiting for element to be clickable, but the element was not found: org.openqa.selenium.NoSuchElementException: no such element: Unable to locate element: {"method":"xpath","selector":"//a[contains(text(), 'PIM')]"}.
(tried for 15 seconds with 500 milliseconds interval)
Build info: version: '4.41.0', revision: '9fc754f'
System info: os.name: 'Windows 11', os.arch: 'amd64', os.version: '10.0', java.version: '17.0.12'
Driver info: org.openqa.selenium.chrome.ChromeDriver
Capabilities {acceptInsecureCerts: false, browserName: chrome, browserVersion: 146.0.7680.178, chrome: {chromedriverVersion: 146.0.7680.165 (4b989da09e1..., userDataDir: C:\Users\parsh\AppData\Loca...}, fedcm:accounts: true, goog:chromeOptions: {debuggerAddress: localhost:63188}, goog:processID: 75772, networkConnectionEnabled: false, pageLoadStrategy: normal, platformName: windows, proxy: Proxy(), se:cdp: ws://localhost:63188/devtoo..., se:cdpVersion: 146.0.7680.178, setWindowRect: true, strictFileInteractability: false, timeouts: {implicit: 0, pageLoad: 300000, script: 30000}, unhandledPromptBehavior: dismiss and notify, webauthn:extension:credBlob: true, webauthn:extension:largeBlob: true, webauthn:extension:minPinLength: true, webauthn:extension:prf: true, webauthn:virtualAuthenticators: true}
Session ID: 85d46fae80e7d8663a97564fb5d68809
	at org.openqa.selenium.support.ui.WebDriverWait.timeoutException(WebDriverWait.java:85)
	at org.openqa.selenium.support.ui.FluentWait.until(FluentWait.java:233)
	at com.orangehrm.pages.BasePage.waitForElementToBeClickable(BasePage.java:39)
	at com.orangehrm.pages.BasePage.clickElement(BasePage.java:46)
	at com.orangehrm.pages.DashboardPage.navigateToPIM(DashboardPage.java:98)
	at com.orangehrm.stepdefinitions.DashboardSteps.userNavigatesToPIMModule(DashboardSteps.java:66)
	at ✽.User navigates to PIM module(file:///G:/New%20folder/Workspace/OrangeHRMS/src/test/resources/features/Dashboard.feature:20)
]]></error>
    <system-out><![CDATA[  âœ” Given User is logged in to OrangeHRM application # com.orangehrm.stepdefinitions.DashboardSteps.userIsLoggedIn()
]]></system-out>
  </testcase>
  <testcase name="User should be on PIM page" classname="Verify user can navigate to PIM module" time="0">
    <skipped type="io.cucumber.junit.SkippedThrowable"><![CDATA[io.cucumber.junit.SkippedThrowable: This step is skipped
]]></skipped>
    <system-out><![CDATA[  âœ˜ When User navigates to PIM module                # com.orangehrm.stepdefinitions.DashboardSteps.userNavigatesToPIMModule()
        org.openqa.selenium.TimeoutException: Expected condition failed: waiting for element to be clickable, but the element was not found: org.openqa.selenium.NoSuchElementException: no such element: Unable to locate element: {"method":"xpath","selector":"//a[contains(text(), 'PIM')]"}.
        (tried for 15 seconds with 500 milliseconds interval)
        Build info: version: '4.41.0', revision: '9fc754f'
        System info: os.name: 'Windows 11', os.arch: 'amd64', os.version: '10.0', java.version: '17.0.12'
        Driver info: org.openqa.selenium.chrome.ChromeDriver
        Capabilities {acceptInsecureCerts: false, browserName: chrome, browserVersion: 146.0.7680.178, chrome: {chromedriverVersion: 146.0.7680.165 (4b989da09e1..., userDataDir: C:\Users\parsh\AppData\Loca...}, fedcm:accounts: true, goog:chromeOptions: {debuggerAddress: localhost:63188}, goog:processID: 75772, networkConnectionEnabled: false, pageLoadStrategy: normal, platformName: windows, proxy: Proxy(), se:cdp: ws://localhost:63188/devtoo..., se:cdpVersion: 146.0.7680.178, setWindowRect: true, strictFileInteractability: false, timeouts: {implicit: 0, pageLoad: 300000, script: 30000}, unhandledPromptBehavior: dismiss and notify, webauthn:extension:credBlob: true, webauthn:extension:largeBlob: true, webauthn:extension:minPinLength: true, webauthn:extension:prf: true, webauthn:virtualAuthenticators: true}
        Session ID: 85d46fae80e7d8663a97564fb5d68809
        	at org.openqa.selenium.support.ui.WebDriverWait.timeoutException(WebDriverWait.java:85)
        	at org.openqa.selenium.support.ui.FluentWait.until(FluentWait.java:233)
        	at com.orangehrm.pages.BasePage.waitForElementToBeClickable(BasePage.java:39)
        	at com.orangehrm.pages.BasePage.clickElement(BasePage.java:46)
        	at com.orangehrm.pages.DashboardPage.navigateToPIM(DashboardPage.java:98)
        	at com.orangehrm.stepdefinitions.DashboardSteps.userNavigatesToPIMModule(DashboardSteps.java:66)
        	at âœ½.User navigates to PIM module(file:///G:/New%20folder/Workspace/OrangeHRMS/src/test/resources/features/Dashboard.feature:20)
]]></system-out>
  </testcase>
  <testcase name="User is logged in to OrangeHRM application" classname="Verify user can navigate to Leave module" time="5.395">
    <system-out><![CDATA[
@regression @dashboard @navigation
Scenario: Verify user can navigate to Leave module   # file:///G:/New%20folder/Workspace/OrangeHRMS/src/test/resources/features/Dashboard.feature:24
======== Starting Test Scenario ========
Browser initialized successfully
]]></system-out>
    <system-err><![CDATA[Apr 04, 2026 10:20:16 PM org.openqa.selenium.devtools.CdpVersionFinder findNearestMatch
WARNING: Unable to find an exact match for CDP version 146, returning the closest version; found: 145; Please update to a Selenium version that supports CDP version 146
]]></system-err>
  </testcase>
  <testcase name="User navigates to Leave module" classname="Verify user can navigate to Leave module" time="15.172">
    <error message="Expected condition failed: waiting for element to be clickable, but the element was not found: org.openqa.selenium.NoSuchElementException: no such element: Unable to locate element: {&quot;method&quot;:&quot;xpath&quot;,&quot;selector&quot;:&quot;//a[contains(text(), &apos;Leave&apos;)]&quot;}.&#10;(tried for 15 seconds with 500 milliseconds interval)&#10;Build info: version: &apos;4.41.0&apos;, revision: &apos;9fc754f&apos;&#10;System info: os.name: &apos;Windows 11&apos;, os.arch: &apos;amd64&apos;, os.version: &apos;10.0&apos;, java.version: &apos;17.0.12&apos;&#10;Driver info: org.openqa.selenium.chrome.ChromeDriver&#10;Capabilities {acceptInsecureCerts: false, browserName: chrome, browserVersion: 146.0.7680.178, chrome: {chromedriverVersion: 146.0.7680.165 (4b989da09e1..., userDataDir: C:\Users\parsh\AppData\Loca...}, fedcm:accounts: true, goog:chromeOptions: {debuggerAddress: localhost:60310}, goog:processID: 21664, networkConnectionEnabled: false, pageLoadStrategy: normal, platformName: windows, proxy: Proxy(), se:cdp: ws://localhost:60310/devtoo..., se:cdpVersion: 146.0.7680.178, setWindowRect: true, strictFileInteractability: false, timeouts: {implicit: 0, pageLoad: 300000, script: 30000}, unhandledPromptBehavior: dismiss and notify, webauthn:extension:credBlob: true, webauthn:extension:largeBlob: true, webauthn:extension:minPinLength: true, webauthn:extension:prf: true, webauthn:virtualAuthenticators: true}&#10;Session ID: ef83574e978fabaac6bba04958bcc263" type="org.openqa.selenium.TimeoutException"><![CDATA[org.openqa.selenium.TimeoutException: 
Expected condition failed: waiting for element to be clickable, but the element was not found: org.openqa.selenium.NoSuchElementException: no such element: Unable to locate element: {"method":"xpath","selector":"//a[contains(text(), 'Leave')]"}.
(tried for 15 seconds with 500 milliseconds interval)
Build info: version: '4.41.0', revision: '9fc754f'
System info: os.name: 'Windows 11', os.arch: 'amd64', os.version: '10.0', java.version: '17.0.12'
Driver info: org.openqa.selenium.chrome.ChromeDriver
Capabilities {acceptInsecureCerts: false, browserName: chrome, browserVersion: 146.0.7680.178, chrome: {chromedriverVersion: 146.0.7680.165 (4b989da09e1..., userDataDir: C:\Users\parsh\AppData\Loca...}, fedcm:accounts: true, goog:chromeOptions: {debuggerAddress: localhost:60310}, goog:processID: 21664, networkConnectionEnabled: false, pageLoadStrategy: normal, platformName: windows, proxy: Proxy(), se:cdp: ws://localhost:60310/devtoo..., se:cdpVersion: 146.0.7680.178, setWindowRect: true, strictFileInteractability: false, timeouts: {implicit: 0, pageLoad: 300000, script: 30000}, unhandledPromptBehavior: dismiss and notify, webauthn:extension:credBlob: true, webauthn:extension:largeBlob: true, webauthn:extension:minPinLength: true, webauthn:extension:prf: true, webauthn:virtualAuthenticators: true}
Session ID: ef83574e978fabaac6bba04958bcc263
	at org.openqa.selenium.support.ui.WebDriverWait.timeoutException(WebDriverWait.java:85)
	at org.openqa.selenium.support.ui.FluentWait.until(FluentWait.java:233)
	at com.orangehrm.pages.BasePage.waitForElementToBeClickable(BasePage.java:39)
	at com.orangehrm.pages.BasePage.clickElement(BasePage.java:46)
	at com.orangehrm.pages.DashboardPage.navigateToLeave(DashboardPage.java:105)
	at com.orangehrm.stepdefinitions.DashboardSteps.userNavigatesToLeaveModule(DashboardSteps.java:76)
	at ✽.User navigates to Leave module(file:///G:/New%20folder/Workspace/OrangeHRMS/src/test/resources/features/Dashboard.feature:26)
]]></error>
    <system-out><![CDATA[  âœ” Given User is logged in to OrangeHRM application # com.orangehrm.stepdefinitions.DashboardSteps.userIsLoggedIn()
]]></system-out>
  </testcase>
  <testcase name="User should be on Leave page" classname="Verify user can navigate to Leave module" time="0">
    <skipped type="io.cucumber.junit.SkippedThrowable"><![CDATA[io.cucumber.junit.SkippedThrowable: This step is skipped
]]></skipped>
    <system-out><![CDATA[  âœ˜ When User navigates to Leave module              # com.orangehrm.stepdefinitions.DashboardSteps.userNavigatesToLeaveModule()
        org.openqa.selenium.TimeoutException: Expected condition failed: waiting for element to be clickable, but the element was not found: org.openqa.selenium.NoSuchElementException: no such element: Unable to locate element: {"method":"xpath","selector":"//a[contains(text(), 'Leave')]"}.
        (tried for 15 seconds with 500 milliseconds interval)
        Build info: version: '4.41.0', revision: '9fc754f'
        System info: os.name: 'Windows 11', os.arch: 'amd64', os.version: '10.0', java.version: '17.0.12'
        Driver info: org.openqa.selenium.chrome.ChromeDriver
        Capabilities {acceptInsecureCerts: false, browserName: chrome, browserVersion: 146.0.7680.178, chrome: {chromedriverVersion: 146.0.7680.165 (4b989da09e1..., userDataDir: C:\Users\parsh\AppData\Loca...}, fedcm:accounts: true, goog:chromeOptions: {debuggerAddress: localhost:60310}, goog:processID: 21664, networkConnectionEnabled: false, pageLoadStrategy: normal, platformName: windows, proxy: Proxy(), se:cdp: ws://localhost:60310/devtoo..., se:cdpVersion: 146.0.7680.178, setWindowRect: true, strictFileInteractability: false, timeouts: {implicit: 0, pageLoad: 300000, script: 30000}, unhandledPromptBehavior: dismiss and notify, webauthn:extension:credBlob: true, webauthn:extension:largeBlob: true, webauthn:extension:minPinLength: true, webauthn:extension:prf: true, webauthn:virtualAuthenticators: true}
        Session ID: ef83574e978fabaac6bba04958bcc263
        	at org.openqa.selenium.support.ui.WebDriverWait.timeoutException(WebDriverWait.java:85)
        	at org.openqa.selenium.support.ui.FluentWait.until(FluentWait.java:233)
        	at com.orangehrm.pages.BasePage.waitForElementToBeClickable(BasePage.java:39)
        	at com.orangehrm.pages.BasePage.clickElement(BasePage.java:46)
        	at com.orangehrm.pages.DashboardPage.navigateToLeave(DashboardPage.java:105)
        	at com.orangehrm.stepdefinitions.DashboardSteps.userNavigatesToLeaveModule(DashboardSteps.java:76)
        	at âœ½.User navigates to Leave module(file:///G:/New%20folder/Workspace/OrangeHRMS/src/test/resources/features/Dashboard.feature:26)
]]></system-out>
  </testcase>
  <testcase name="User is logged in to OrangeHRM application" classname="Verify user can navigate to My Info module" time="5.133">
    <system-out><![CDATA[
@regression @dashboard @navigation
Scenario: Verify user can navigate to My Info module # file:///G:/New%20folder/Workspace/OrangeHRMS/src/test/resources/features/Dashboard.feature:30
======== Starting Test Scenario ========
Browser initialized successfully
]]></system-out>
    <system-err><![CDATA[Apr 04, 2026 10:20:38 PM org.openqa.selenium.devtools.CdpVersionFinder findNearestMatch
WARNING: Unable to find an exact match for CDP version 146, returning the closest version; found: 145; Please update to a Selenium version that supports CDP version 146
]]></system-err>
  </testcase>
  <testcase name="User navigates to My Info module" classname="Verify user can navigate to My Info module" time="15.118">
    <error message="Expected condition failed: waiting for element to be clickable, but the element was not found: org.openqa.selenium.NoSuchElementException: no such element: Unable to locate element: {&quot;method&quot;:&quot;xpath&quot;,&quot;selector&quot;:&quot;//a[contains(text(), &apos;My Info&apos;)]&quot;}.&#10;(tried for 15 seconds with 500 milliseconds interval)&#10;Build info: version: &apos;4.41.0&apos;, revision: &apos;9fc754f&apos;&#10;System info: os.name: &apos;Windows 11&apos;, os.arch: &apos;amd64&apos;, os.version: &apos;10.0&apos;, java.version: &apos;17.0.12&apos;&#10;Driver info: org.openqa.selenium.chrome.ChromeDriver&#10;Capabilities {acceptInsecureCerts: false, browserName: chrome, browserVersion: 146.0.7680.178, chrome: {chromedriverVersion: 146.0.7680.165 (4b989da09e1..., userDataDir: C:\Users\parsh\AppData\Loca...}, fedcm:accounts: true, goog:chromeOptions: {debuggerAddress: localhost:56029}, goog:processID: 80532, networkConnectionEnabled: false, pageLoadStrategy: normal, platformName: windows, proxy: Proxy(), se:cdp: ws://localhost:56029/devtoo..., se:cdpVersion: 146.0.7680.178, setWindowRect: true, strictFileInteractability: false, timeouts: {implicit: 0, pageLoad: 300000, script: 30000}, unhandledPromptBehavior: dismiss and notify, webauthn:extension:credBlob: true, webauthn:extension:largeBlob: true, webauthn:extension:minPinLength: true, webauthn:extension:prf: true, webauthn:virtualAuthenticators: true}&#10;Session ID: a787ccf799a0fef23b3346661a522d6a" type="org.openqa.selenium.TimeoutException"><![CDATA[org.openqa.selenium.TimeoutException: 
Expected condition failed: waiting for element to be clickable, but the element was not found: org.openqa.selenium.NoSuchElementException: no such element: Unable to locate element: {"method":"xpath","selector":"//a[contains(text(), 'My Info')]"}.
(tried for 15 seconds with 500 milliseconds interval)
Build info: version: '4.41.0', revision: '9fc754f'
System info: os.name: 'Windows 11', os.arch: 'amd64', os.version: '10.0', java.version: '17.0.12'
Driver info: org.openqa.selenium.chrome.ChromeDriver
Capabilities {acceptInsecureCerts: false, browserName: chrome, browserVersion: 146.0.7680.178, chrome: {chromedriverVersion: 146.0.7680.165 (4b989da09e1..., userDataDir: C:\Users\parsh\AppData\Loca...}, fedcm:accounts: true, goog:chromeOptions: {debuggerAddress: localhost:56029}, goog:processID: 80532, networkConnectionEnabled: false, pageLoadStrategy: normal, platformName: windows, proxy: Proxy(), se:cdp: ws://localhost:56029/devtoo..., se:cdpVersion: 146.0.7680.178, setWindowRect: true, strictFileInteractability: false, timeouts: {implicit: 0, pageLoad: 300000, script: 30000}, unhandledPromptBehavior: dismiss and notify, webauthn:extension:credBlob: true, webauthn:extension:largeBlob: true, webauthn:extension:minPinLength: true, webauthn:extension:prf: true, webauthn:virtualAuthenticators: true}
Session ID: a787ccf799a0fef23b3346661a522d6a
	at org.openqa.selenium.support.ui.WebDriverWait.timeoutException(WebDriverWait.java:85)
	at org.openqa.selenium.support.ui.FluentWait.until(FluentWait.java:233)
	at com.orangehrm.pages.BasePage.waitForElementToBeClickable(BasePage.java:39)
	at com.orangehrm.pages.BasePage.clickElement(BasePage.java:46)
	at com.orangehrm.pages.DashboardPage.navigateToMyInfo(DashboardPage.java:126)
	at com.orangehrm.stepdefinitions.DashboardSteps.userNavigatesToMyInfoModule(DashboardSteps.java:86)
	at ✽.User navigates to My Info module(file:///G:/New%20folder/Workspace/OrangeHRMS/src/test/resources/features/Dashboard.feature:32)
]]></error>
    <system-out><![CDATA[  âœ” Given User is logged in to OrangeHRM application # com.orangehrm.stepdefinitions.DashboardSteps.userIsLoggedIn()
]]></system-out>
  </testcase>
  <testcase name="User should be on My Info page" classname="Verify user can navigate to My Info module" time="0">
    <skipped type="io.cucumber.junit.SkippedThrowable"><![CDATA[io.cucumber.junit.SkippedThrowable: This step is skipped
]]></skipped>
    <system-out><![CDATA[  âœ˜ When User navigates to My Info module            # com.orangehrm.stepdefinitions.DashboardSteps.userNavigatesToMyInfoModule()
        org.openqa.selenium.TimeoutException: Expected condition failed: waiting for element to be clickable, but the element was not found: org.openqa.selenium.NoSuchElementException: no such element: Unable to locate element: {"method":"xpath","selector":"//a[contains(text(), 'My Info')]"}.
        (tried for 15 seconds with 500 milliseconds interval)
        Build info: version: '4.41.0', revision: '9fc754f'
        System info: os.name: 'Windows 11', os.arch: 'amd64', os.version: '10.0', java.version: '17.0.12'
        Driver info: org.openqa.selenium.chrome.ChromeDriver
        Capabilities {acceptInsecureCerts: false, browserName: chrome, browserVersion: 146.0.7680.178, chrome: {chromedriverVersion: 146.0.7680.165 (4b989da09e1..., userDataDir: C:\Users\parsh\AppData\Loca...}, fedcm:accounts: true, goog:chromeOptions: {debuggerAddress: localhost:56029}, goog:processID: 80532, networkConnectionEnabled: false, pageLoadStrategy: normal, platformName: windows, proxy: Proxy(), se:cdp: ws://localhost:56029/devtoo..., se:cdpVersion: 146.0.7680.178, setWindowRect: true, strictFileInteractability: false, timeouts: {implicit: 0, pageLoad: 300000, script: 30000}, unhandledPromptBehavior: dismiss and notify, webauthn:extension:credBlob: true, webauthn:extension:largeBlob: true, webauthn:extension:minPinLength: true, webauthn:extension:prf: true, webauthn:virtualAuthenticators: true}
        Session ID: a787ccf799a0fef23b3346661a522d6a
        	at org.openqa.selenium.support.ui.WebDriverWait.timeoutException(WebDriverWait.java:85)
        	at org.openqa.selenium.support.ui.FluentWait.until(FluentWait.java:233)
        	at com.orangehrm.pages.BasePage.waitForElementToBeClickable(BasePage.java:39)
        	at com.orangehrm.pages.BasePage.clickElement(BasePage.java:46)
        	at com.orangehrm.pages.DashboardPage.navigateToMyInfo(DashboardPage.java:126)
        	at com.orangehrm.stepdefinitions.DashboardSteps.userNavigatesToMyInfoModule(DashboardSteps.java:86)
        	at âœ½.User navigates to My Info module(file:///G:/New%20folder/Workspace/OrangeHRMS/src/test/resources/features/Dashboard.feature:32)
]]></system-out>
  </testcase>
  <testcase name="User is logged in to OrangeHRM application" classname="Verify user can logout from the application" time="4.836">
    <system-out><![CDATA[
@smoke @logout
Scenario: Verify user can logout from the application           # file:///G:/New%20folder/Workspace/OrangeHRMS/src/test/resources/features/Dashboard.feature:36
======== Starting Test Scenario ========
Browser initialized successfully
]]></system-out>
    <system-err><![CDATA[Apr 04, 2026 10:21:00 PM org.openqa.selenium.devtools.CdpVersionFinder findNearestMatch
WARNING: Unable to find an exact match for CDP version 146, returning the closest version; found: 145; Please update to a Selenium version that supports CDP version 146
]]></system-err>
  </testcase>
  <testcase name="User clicks on user dropdown and logout" classname="Verify user can logout from the application" time="2.139">
    <system-out><![CDATA[  âœ” Given User is logged in to OrangeHRM application            # com.orangehrm.stepdefinitions.DashboardSteps.userIsLoggedIn()
]]></system-out>
  </testcase>
  <testcase name="User should be logged out and redirected to login page" classname="Verify user can logout from the application" time="0.016">
    <system-out><![CDATA[  âœ” When User clicks on user dropdown and logout                # com.orangehrm.stepdefinitions.DashboardSteps.userLogsOut()
]]></system-out>
  </testcase>
  <testcase name="User is on the OrangeHRM login page" classname="Verify user can login with valid credentials" time="3.256">
    <system-out><![CDATA[  âœ” Then User should be logged out and redirected to login page # com.orangehrm.stepdefinitions.DashboardSteps.verifyUserIsLoggedOut()
======== Ending Test Scenario ========
Browser closed successfully

@smoke @login_positive
Scenario: Verify user can login with valid credentials              # file:///G:/New%20folder/Workspace/OrangeHRMS/src/test/resources/features/login.feature:10
======== Starting Test Scenario ========
Browser initialized successfully
]]></system-out>
    <system-err><![CDATA[Apr 04, 2026 10:21:09 PM org.openqa.selenium.devtools.CdpVersionFinder findNearestMatch
WARNING: Unable to find an exact match for CDP version 146, returning the closest version; found: 145; Please update to a Selenium version that supports CDP version 146
]]></system-err>
  </testcase>
  <testcase name="User enters valid username &quot;Admin&quot; and password &quot;admin123&quot;" classname="Verify user can login with valid credentials" time="0.374">
    <system-out><![CDATA[  âœ” Given User is on the OrangeHRM login page                       # com.orangehrm.stepdefinitions.LoginSteps.userIsOnLoginPage()
]]></system-out>
  </testcase>
  <testcase name="User clicks the login button" classname="Verify user can login with valid credentials" time="0.126">
    <system-out><![CDATA[  âœ” When User enters valid username "Admin" and password "admin123" # com.orangehrm.stepdefinitions.LoginSteps.userEntersValidCredentials(java.lang.String,java.lang.String)
]]></system-out>
  </testcase>
  <testcase name="User should be redirected to the dashboard" classname="Verify user can login with valid credentials" time="1.55">
    <system-out><![CDATA[  âœ” And User clicks the login button                                # com.orangehrm.stepdefinitions.LoginSteps.userClicksLoginButton()
]]></system-out>
  </testcase>
  <testcase name="Dashboard title should be displayed" classname="Verify user can login with valid credentials" time="0.007">
    <failure message="Dashboard title is empty" type="java.lang.AssertionError"><![CDATA[java.lang.AssertionError: Dashboard title is empty
	at org.junit.Assert.fail(Assert.java:89)
	at org.junit.Assert.assertTrue(Assert.java:42)
	at org.junit.Assert.assertFalse(Assert.java:65)
	at com.orangehrm.stepdefinitions.DashboardSteps.verifyDashboardTitle(DashboardSteps.java:48)
	at ✽.Dashboard title should be displayed(file:///G:/New%20folder/Workspace/OrangeHRMS/src/test/resources/features/login.feature:14)
]]></failure>
    <system-out><![CDATA[  âœ” Then User should be redirected to the dashboard                 # com.orangehrm.stepdefinitions.LoginSteps.verifyUserIsOnDashboard()
]]></system-out>
  </testcase>
  <testcase name="Verify user can login with valid credentials" classname="OrangeHRM Login Tests" time="0.37">
    <failure message="Dashboard title is empty" type="java.lang.AssertionError"><![CDATA[java.lang.AssertionError: Dashboard title is empty
	at org.junit.Assert.fail(Assert.java:89)
	at org.junit.Assert.assertTrue(Assert.java:42)
	at org.junit.Assert.assertFalse(Assert.java:65)
	at com.orangehrm.stepdefinitions.DashboardSteps.verifyDashboardTitle(DashboardSteps.java:48)
	at ✽.Dashboard title should be displayed(file:///G:/New%20folder/Workspace/OrangeHRMS/src/test/resources/features/login.feature:14)
]]></failure>
    <system-out><![CDATA[  âœ˜ And Dashboard title should be displayed                         # com.orangehrm.stepdefinitions.DashboardSteps.verifyDashboardTitle()
        java.lang.AssertionError: Dashboard title is empty
        	at org.junit.Assert.fail(Assert.java:89)
        	at org.junit.Assert.assertTrue(Assert.java:42)
        	at org.junit.Assert.assertFalse(Assert.java:65)
        	at com.orangehrm.stepdefinitions.DashboardSteps.verifyDashboardTitle(DashboardSteps.java:48)
        	at âœ½.Dashboard title should be displayed(file:///G:/New%20folder/Workspace/OrangeHRMS/src/test/resources/features/login.feature:14)
======== Ending Test Scenario ========
Browser closed successfully
]]></system-out>
  </testcase>
  <testcase name="Verify login fails with invalid username" classname="OrangeHRM Login Tests" time="0.342">
    <failure message="Error message is not displayed" type="java.lang.AssertionError"><![CDATA[java.lang.AssertionError: Error message is not displayed
	at org.junit.Assert.fail(Assert.java:89)
	at org.junit.Assert.assertTrue(Assert.java:42)
	at com.orangehrm.stepdefinitions.LoginSteps.errorMessageDisplayed(LoginSteps.java:118)
	at ✽.An error message should be displayed(file:///G:/New%20folder/Workspace/OrangeHRMS/src/test/resources/features/login.feature:30)
]]></failure>
    <system-out><![CDATA[  â†· And User should remain on the login page                                # com.orangehrm.stepdefinitions.LoginSteps.userRemainsOnLoginPage()
======== Ending Test Scenario ========
Browser closed successfully
]]></system-out>
  </testcase>
  <testcase name="Verify login fails with invalid password" classname="OrangeHRM Login Tests" time="0.419">
    <failure message="Error message is not displayed" type="java.lang.AssertionError"><![CDATA[java.lang.AssertionError: Error message is not displayed
	at org.junit.Assert.fail(Assert.java:89)
	at org.junit.Assert.assertTrue(Assert.java:42)
	at com.orangehrm.stepdefinitions.LoginSteps.errorMessageDisplayed(LoginSteps.java:118)
	at ✽.An error message should be displayed(file:///G:/New%20folder/Workspace/OrangeHRMS/src/test/resources/features/login.feature:37)
]]></failure>
    <system-out><![CDATA[  â†· And User should remain on the login page                               # com.orangehrm.stepdefinitions.LoginSteps.userRemainsOnLoginPage()
======== Ending Test Scenario ========
Browser closed successfully
]]></system-out>
  </testcase>
  <testcase name="Verify login fails with invalid credentials" classname="OrangeHRM Login Tests" time="0.824">
    <failure message="Error message is not displayed" type="java.lang.AssertionError"><![CDATA[java.lang.AssertionError: Error message is not displayed
	at org.junit.Assert.fail(Assert.java:89)
	at org.junit.Assert.assertTrue(Assert.java:42)
	at com.orangehrm.stepdefinitions.LoginSteps.errorMessageDisplayed(LoginSteps.java:118)
	at ✽.An error message should be displayed(file:///G:/New%20folder/Workspace/OrangeHRMS/src/test/resources/features/login.feature:44)
]]></failure>
    <system-out><![CDATA[  â†· And User should remain on the login page                                       # com.orangehrm.stepdefinitions.LoginSteps.userRemainsOnLoginPage()
======== Ending Test Scenario ========
Browser closed successfully
]]></system-out>
  </testcase>
  <testcase name="User is on the OrangeHRM login page" classname="Verify user can login with different valid credentials" time="3.075">
    <system-out><![CDATA[
@smoke @login_positive
Scenario Outline: Verify user can login with different valid credentials # file:///G:/New%20folder/Workspace/OrangeHRMS/src/test/resources/features/login.feature:24
======== Starting Test Scenario ========
Browser initialized successfully
]]></system-out>
    <system-err><![CDATA[Apr 04, 2026 10:21:15 PM org.openqa.selenium.devtools.CdpVersionFinder findNearestMatch
WARNING: Unable to find an exact match for CDP version 146, returning the closest version; found: 145; Please update to a Selenium version that supports CDP version 146
]]></system-err>
  </testcase>
  <testcase name="User enters valid username &quot;Admin&quot; and password &quot;admin123&quot;" classname="Verify user can login with different valid credentials" time="0.38">
    <system-out><![CDATA[  âœ” Given User is on the OrangeHRM login page                            # com.orangehrm.stepdefinitions.LoginSteps.userIsOnLoginPage()
]]></system-out>
  </testcase>
  <testcase name="User clicks the login button" classname="Verify user can login with different valid credentials" time="0.103">
    <system-out><![CDATA[  âœ” When User enters valid username "Admin" and password "admin123"      # com.orangehrm.stepdefinitions.LoginSteps.userEntersValidCredentials(java.lang.String,java.lang.String)
]]></system-out>
  </testcase>
  <testcase name="User should be redirected to the dashboard" classname="Verify user can login with different valid credentials" time="1.532">
    <system-out><![CDATA[  âœ” And User clicks the login button                                     # com.orangehrm.stepdefinitions.LoginSteps.userClicksLoginButton()
]]></system-out>
  </testcase>
  <testcase name="User is on the OrangeHRM login page" classname="Verify login fails with invalid username" time="3.179">
    <system-out><![CDATA[  âœ” Then User should be redirected to the dashboard                      # com.orangehrm.stepdefinitions.LoginSteps.verifyUserIsOnDashboard()
======== Ending Test Scenario ========
Browser closed successfully

@regression @login_negative
Scenario: Verify login fails with invalid username                          # file:///G:/New%20folder/Workspace/OrangeHRMS/src/test/resources/features/login.feature:27
======== Starting Test Scenario ========
Browser initialized successfully
]]></system-out>
    <system-err><![CDATA[Apr 04, 2026 10:21:22 PM org.openqa.selenium.devtools.CdpVersionFinder findNearestMatch
WARNING: Unable to find an exact match for CDP version 146, returning the closest version; found: 145; Please update to a Selenium version that supports CDP version 146
]]></system-err>
  </testcase>
  <testcase name="User enters invalid username &quot;InvalidUser&quot; and password &quot;admin123&quot;" classname="Verify login fails with invalid username" time="0.395">
    <system-out><![CDATA[  âœ” Given User is on the OrangeHRM login page                               # com.orangehrm.stepdefinitions.LoginSteps.userIsOnLoginPage()
]]></system-out>
  </testcase>
  <testcase name="User clicks the login button" classname="Verify login fails with invalid username" time="0.11">
    <system-out><![CDATA[  âœ” When User enters invalid username "InvalidUser" and password "admin123" # com.orangehrm.stepdefinitions.LoginSteps.userEntersInvalidCredentials(java.lang.String,java.lang.String)
]]></system-out>
  </testcase>
  <testcase name="An error message should be displayed" classname="Verify login fails with invalid username" time="0.695">
    <failure message="Error message is not displayed" type="java.lang.AssertionError"><![CDATA[java.lang.AssertionError: Error message is not displayed
	at org.junit.Assert.fail(Assert.java:89)
	at org.junit.Assert.assertTrue(Assert.java:42)
	at com.orangehrm.stepdefinitions.LoginSteps.errorMessageDisplayed(LoginSteps.java:118)
	at ✽.An error message should be displayed(file:///G:/New%20folder/Workspace/OrangeHRMS/src/test/resources/features/login.feature:30)
]]></failure>
    <system-out><![CDATA[  âœ” And User clicks the login button                                        # com.orangehrm.stepdefinitions.LoginSteps.userClicksLoginButton()
]]></system-out>
  </testcase>
  <testcase name="User should remain on the login page" classname="Verify login fails with invalid username" time="0">
    <skipped type="io.cucumber.junit.SkippedThrowable"><![CDATA[io.cucumber.junit.SkippedThrowable: This step is skipped
]]></skipped>
    <system-out><![CDATA[  âœ˜ Then An error message should be displayed                               # com.orangehrm.stepdefinitions.LoginSteps.errorMessageDisplayed()
        java.lang.AssertionError: Error message is not displayed
        	at org.junit.Assert.fail(Assert.java:89)
        	at org.junit.Assert.assertTrue(Assert.java:42)
        	at com.orangehrm.stepdefinitions.LoginSteps.errorMessageDisplayed(LoginSteps.java:118)
        	at âœ½.An error message should be displayed(file:///G:/New%20folder/Workspace/OrangeHRMS/src/test/resources/features/login.feature:30)
]]></system-out>
  </testcase>
  <testcase name="User is on the OrangeHRM login page" classname="Verify login fails with invalid password" time="3.4">
    <system-out><![CDATA[
@regression @login_negative
Scenario: Verify login fails with invalid password                         # file:///G:/New%20folder/Workspace/OrangeHRMS/src/test/resources/features/login.feature:34
======== Starting Test Scenario ========
Browser initialized successfully
]]></system-out>
    <system-err><![CDATA[Apr 04, 2026 10:21:28 PM org.openqa.selenium.devtools.CdpVersionFinder findNearestMatch
WARNING: Unable to find an exact match for CDP version 146, returning the closest version; found: 145; Please update to a Selenium version that supports CDP version 146
]]></system-err>
  </testcase>
  <testcase name="User enters valid username &quot;Admin&quot; and password &quot;InvalidPassword&quot;" classname="Verify login fails with invalid password" time="0.349">
    <system-out><![CDATA[  âœ” Given User is on the OrangeHRM login page                              # com.orangehrm.stepdefinitions.LoginSteps.userIsOnLoginPage()
]]></system-out>
  </testcase>
  <testcase name="User clicks the login button" classname="Verify login fails with invalid password" time="0.128">
    <system-out><![CDATA[  âœ” When User enters valid username "Admin" and password "InvalidPassword" # com.orangehrm.stepdefinitions.LoginSteps.userEntersValidCredentials(java.lang.String,java.lang.String)
]]></system-out>
  </testcase>
  <testcase name="An error message should be displayed" classname="Verify login fails with invalid password" time="0.944">
    <failure message="Error message is not displayed" type="java.lang.AssertionError"><![CDATA[java.lang.AssertionError: Error message is not displayed
	at org.junit.Assert.fail(Assert.java:89)
	at org.junit.Assert.assertTrue(Assert.java:42)
	at com.orangehrm.stepdefinitions.LoginSteps.errorMessageDisplayed(LoginSteps.java:118)
	at ✽.An error message should be displayed(file:///G:/New%20folder/Workspace/OrangeHRMS/src/test/resources/features/login.feature:37)
]]></failure>
    <system-out><![CDATA[  âœ” And User clicks the login button                                       # com.orangehrm.stepdefinitions.LoginSteps.userClicksLoginButton()
]]></system-out>
  </testcase>
  <testcase name="User should remain on the login page" classname="Verify login fails with invalid password" time="0">
    <skipped type="io.cucumber.junit.SkippedThrowable"><![CDATA[io.cucumber.junit.SkippedThrowable: This step is skipped
]]></skipped>
    <system-out><![CDATA[  âœ˜ Then An error message should be displayed                              # com.orangehrm.stepdefinitions.LoginSteps.errorMessageDisplayed()
        java.lang.AssertionError: Error message is not displayed
        	at org.junit.Assert.fail(Assert.java:89)
        	at org.junit.Assert.assertTrue(Assert.java:42)
        	at com.orangehrm.stepdefinitions.LoginSteps.errorMessageDisplayed(LoginSteps.java:118)
        	at âœ½.An error message should be displayed(file:///G:/New%20folder/Workspace/OrangeHRMS/src/test/resources/features/login.feature:37)
]]></system-out>
  </testcase>
  <testcase name="User is on the OrangeHRM login page" classname="Verify login fails with invalid credentials" time="3.946">
    <system-out><![CDATA[
@regression @login_negative
Scenario: Verify login fails with invalid credentials                              # file:///G:/New%20folder/Workspace/OrangeHRMS/src/test/resources/features/login.feature:41
======== Starting Test Scenario ========
Browser initialized successfully
]]></system-out>
    <system-err><![CDATA[Apr 04, 2026 10:21:34 PM org.openqa.selenium.devtools.CdpVersionFinder findNearestMatch
WARNING: Unable to find an exact match for CDP version 146, returning the closest version; found: 145; Please update to a Selenium version that supports CDP version 146
]]></system-err>
  </testcase>
  <testcase name="User enters invalid username &quot;InvalidUser&quot; and password &quot;InvalidPassword&quot;" classname="Verify login fails with invalid credentials" time="0.36">
    <system-out><![CDATA[  âœ” Given User is on the OrangeHRM login page                                      # com.orangehrm.stepdefinitions.LoginSteps.userIsOnLoginPage()
]]></system-out>
  </testcase>
  <testcase name="User clicks the login button" classname="Verify login fails with invalid credentials" time="0.264">
    <system-out><![CDATA[  âœ” When User enters invalid username "InvalidUser" and password "InvalidPassword" # com.orangehrm.stepdefinitions.LoginSteps.userEntersInvalidCredentials(java.lang.String,java.lang.String)
]]></system-out>
  </testcase>
  <testcase name="An error message should be displayed" classname="Verify login fails with invalid credentials" time="1.031">
    <failure message="Error message is not displayed" type="java.lang.AssertionError"><![CDATA[java.lang.AssertionError: Error message is not displayed
	at org.junit.Assert.fail(Assert.java:89)
	at org.junit.Assert.assertTrue(Assert.java:42)
	at com.orangehrm.stepdefinitions.LoginSteps.errorMessageDisplayed(LoginSteps.java:118)
	at ✽.An error message should be displayed(file:///G:/New%20folder/Workspace/OrangeHRMS/src/test/resources/features/login.feature:44)
]]></failure>
    <system-out><![CDATA[  âœ” And User clicks the login button                                               # com.orangehrm.stepdefinitions.LoginSteps.userClicksLoginButton()
]]></system-out>
  </testcase>
  <testcase name="User should remain on the login page" classname="Verify login fails with invalid credentials" time="0">
    <skipped type="io.cucumber.junit.SkippedThrowable"><![CDATA[io.cucumber.junit.SkippedThrowable: This step is skipped
]]></skipped>
    <system-out><![CDATA[  âœ˜ Then An error message should be displayed                                      # com.orangehrm.stepdefinitions.LoginSteps.errorMessageDisplayed()
        java.lang.AssertionError: Error message is not displayed
        	at org.junit.Assert.fail(Assert.java:89)
        	at org.junit.Assert.assertTrue(Assert.java:42)
        	at com.orangehrm.stepdefinitions.LoginSteps.errorMessageDisplayed(LoginSteps.java:118)
        	at âœ½.An error message should be displayed(file:///G:/New%20folder/Workspace/OrangeHRMS/src/test/resources/features/login.feature:44)
]]></system-out>
  </testcase>
  <testcase name="User is on the OrangeHRM login page" classname="Verify login page elements are displayed" time="3.288">
    <system-out><![CDATA[
@regression @login_validation
Scenario: Verify login page elements are displayed              # file:///G:/New%20folder/Workspace/OrangeHRMS/src/test/resources/features/login.feature:48
======== Starting Test Scenario ========
Browser initialized successfully
]]></system-out>
    <system-err><![CDATA[Apr 04, 2026 10:21:44 PM org.openqa.selenium.devtools.CdpVersionFinder findNearestMatch
WARNING: Unable to find an exact match for CDP version 146, returning the closest version; found: 145; Please update to a Selenium version that supports CDP version 146
]]></system-err>
  </testcase>
  <testcase name="Login page should display username and password fields" classname="Verify login page elements are displayed" time="0.065">
    <system-out><![CDATA[  âœ” Given User is on the OrangeHRM login page                   # com.orangehrm.stepdefinitions.LoginSteps.userIsOnLoginPage()
]]></system-out>
  </testcase>
</testsuite>